2023-03-04 01:09:58.917 - Main : START OF countBits(9223372036854775807)
2023-03-04 01:09:58.920 - Main : numBits BEFORE : 0
2023-03-04 01:09:58.921 - Main : numBits AFTER  : 1
2023-03-04 01:09:58.923 - Main : x value BEFORE : 9223372036854775807
2023-03-04 01:09:58.925 - Main : x value AFTER  : 4611686018427387903
2023-03-04 01:09:58.927 - Main : numBits BEFORE : 1
2023-03-04 01:09:58.928 - Main : numBits AFTER  : 2
2023-03-04 01:09:58.930 - Main : x value BEFORE : 4611686018427387903
2023-03-04 01:09:58.933 - Main : x value AFTER  : 2305843009213693951
2023-03-04 01:09:58.935 - Main : numBits BEFORE : 2
2023-03-04 01:09:58.946 - Main : numBits AFTER  : 3
2023-03-04 01:09:58.948 - Main : x value BEFORE : 2305843009213693951
2023-03-04 01:09:58.950 - Main : x value AFTER  : 1152921504606846975
2023-03-04 01:09:58.952 - Main : numBits BEFORE : 3
2023-03-04 01:09:58.954 - Main : numBits AFTER  : 4
2023-03-04 01:09:58.956 - Main : x value BEFORE : 1152921504606846975
2023-03-04 01:09:58.957 - Main : x value AFTER  : 576460752303423487
2023-03-04 01:09:58.959 - Main : numBits BEFORE : 4
2023-03-04 01:09:58.961 - Main : numBits AFTER  : 5
2023-03-04 01:09:58.963 - Main : x value BEFORE : 576460752303423487
2023-03-04 01:09:58.964 - Main : x value AFTER  : 288230376151711743
2023-03-04 01:09:58.966 - Main : numBits BEFORE : 5
2023-03-04 01:09:58.968 - Main : numBits AFTER  : 6
2023-03-04 01:09:58.971 - Main : x value BEFORE : 288230376151711743
2023-03-04 01:09:58.973 - Main : x value AFTER  : 144115188075855871
2023-03-04 01:09:58.974 - Main : numBits BEFORE : 6
2023-03-04 01:09:58.976 - Main : numBits AFTER  : 7
2023-03-04 01:09:58.977 - Main : x value BEFORE : 144115188075855871
2023-03-04 01:09:58.979 - Main : x value AFTER  : 72057594037927935
2023-03-04 01:09:58.981 - Main : numBits BEFORE : 7
2023-03-04 01:09:58.983 - Main : numBits AFTER  : 8
2023-03-04 01:09:58.985 - Main : x value BEFORE : 72057594037927935
2023-03-04 01:09:58.987 - Main : x value AFTER  : 36028797018963967
2023-03-04 01:09:58.989 - Main : numBits BEFORE : 8
2023-03-04 01:09:58.990 - Main : numBits AFTER  : 9
2023-03-04 01:09:58.991 - Main : x value BEFORE : 36028797018963967
2023-03-04 01:09:58.993 - Main : x value AFTER  : 18014398509481983
2023-03-04 01:09:58.994 - Main : numBits BEFORE : 9
2023-03-04 01:09:58.995 - Main : numBits AFTER  : 10
2023-03-04 01:09:58.997 - Main : x value BEFORE : 18014398509481983
2023-03-04 01:09:58.999 - Main : x value AFTER  : 9007199254740991
2023-03-04 01:09:59.000 - Main : numBits BEFORE : 10
2023-03-04 01:09:59.002 - Main : numBits AFTER  : 11
2023-03-04 01:09:59.004 - Main : x value BEFORE : 9007199254740991
2023-03-04 01:09:59.006 - Main : x value AFTER  : 4503599627370495
2023-03-04 01:09:59.007 - Main : numBits BEFORE : 11
2023-03-04 01:09:59.008 - Main : numBits AFTER  : 12
2023-03-04 01:09:59.010 - Main : x value BEFORE : 4503599627370495
2023-03-04 01:09:59.011 - Main : x value AFTER  : 2251799813685247
2023-03-04 01:09:59.013 - Main : numBits BEFORE : 12
2023-03-04 01:09:59.016 - Main : numBits AFTER  : 13
2023-03-04 01:09:59.018 - Main : x value BEFORE : 2251799813685247
2023-03-04 01:09:59.019 - Main : x value AFTER  : 1125899906842623
2023-03-04 01:09:59.020 - Main : numBits BEFORE : 13
2023-03-04 01:09:59.021 - Main : numBits AFTER  : 14
2023-03-04 01:09:59.023 - Main : x value BEFORE : 1125899906842623
2023-03-04 01:09:59.025 - Main : x value AFTER  : 562949953421311
2023-03-04 01:09:59.026 - Main : numBits BEFORE : 14
2023-03-04 01:09:59.028 - Main : numBits AFTER  : 15
2023-03-04 01:09:59.030 - Main : x value BEFORE : 562949953421311
2023-03-04 01:09:59.032 - Main : x value AFTER  : 281474976710655
2023-03-04 01:09:59.034 - Main : numBits BEFORE : 15
2023-03-04 01:09:59.036 - Main : numBits AFTER  : 16
2023-03-04 01:09:59.038 - Main : x value BEFORE : 281474976710655
2023-03-04 01:09:59.040 - Main : x value AFTER  : 140737488355327
2023-03-04 01:09:59.042 - Main : numBits BEFORE : 16
2023-03-04 01:09:59.043 - Main : numBits AFTER  : 17
2023-03-04 01:09:59.045 - Main : x value BEFORE : 140737488355327
2023-03-04 01:09:59.046 - Main : x value AFTER  : 70368744177663
2023-03-04 01:09:59.048 - Main : numBits BEFORE : 17
2023-03-04 01:09:59.050 - Main : numBits AFTER  : 18
2023-03-04 01:09:59.052 - Main : x value BEFORE : 70368744177663
2023-03-04 01:09:59.054 - Main : x value AFTER  : 35184372088831
2023-03-04 01:09:59.055 - Main : numBits BEFORE : 18
2023-03-04 01:09:59.057 - Main : numBits AFTER  : 19
2023-03-04 01:09:59.058 - Main : x value BEFORE : 35184372088831
2023-03-04 01:09:59.060 - Main : x value AFTER  : 17592186044415
2023-03-04 01:09:59.061 - Main : numBits BEFORE : 19
2023-03-04 01:09:59.062 - Main : numBits AFTER  : 20
2023-03-04 01:09:59.063 - Main : x value BEFORE : 17592186044415
2023-03-04 01:09:59.065 - Main : x value AFTER  : 8796093022207
2023-03-04 01:09:59.067 - Main : numBits BEFORE : 20
2023-03-04 01:09:59.068 - Main : numBits AFTER  : 21
2023-03-04 01:09:59.070 - Main : x value BEFORE : 8796093022207
2023-03-04 01:09:59.071 - Main : x value AFTER  : 4398046511103
2023-03-04 01:09:59.073 - Main : numBits BEFORE : 21
2023-03-04 01:09:59.074 - Main : numBits AFTER  : 22
2023-03-04 01:09:59.076 - Main : x value BEFORE : 4398046511103
2023-03-04 01:09:59.077 - Main : x value AFTER  : 2199023255551
2023-03-04 01:09:59.078 - Main : numBits BEFORE : 22
2023-03-04 01:09:59.079 - Main : numBits AFTER  : 23
2023-03-04 01:09:59.080 - Main : x value BEFORE : 2199023255551
2023-03-04 01:09:59.083 - Main : x value AFTER  : 1099511627775
2023-03-04 01:09:59.083 - Main : numBits BEFORE : 23
2023-03-04 01:09:59.085 - Main : numBits AFTER  : 24
2023-03-04 01:09:59.086 - Main : x value BEFORE : 1099511627775
2023-03-04 01:09:59.088 - Main : x value AFTER  : 549755813887
2023-03-04 01:09:59.089 - Main : numBits BEFORE : 24
2023-03-04 01:09:59.091 - Main : numBits AFTER  : 25
2023-03-04 01:09:59.092 - Main : x value BEFORE : 549755813887
2023-03-04 01:09:59.094 - Main : x value AFTER  : 274877906943
2023-03-04 01:09:59.095 - Main : numBits BEFORE : 25
2023-03-04 01:09:59.097 - Main : numBits AFTER  : 26
2023-03-04 01:09:59.098 - Main : x value BEFORE : 274877906943
2023-03-04 01:09:59.099 - Main : x value AFTER  : 137438953471
2023-03-04 01:09:59.101 - Main : numBits BEFORE : 26
2023-03-04 01:09:59.103 - Main : numBits AFTER  : 27
2023-03-04 01:09:59.104 - Main : x value BEFORE : 137438953471
2023-03-04 01:09:59.106 - Main : x value AFTER  : 68719476735
2023-03-04 01:09:59.107 - Main : numBits BEFORE : 27
2023-03-04 01:09:59.108 - Main : numBits AFTER  : 28
2023-03-04 01:09:59.109 - Main : x value BEFORE : 68719476735
2023-03-04 01:09:59.110 - Main : x value AFTER  : 34359738367
2023-03-04 01:09:59.111 - Main : numBits BEFORE : 28
2023-03-04 01:09:59.112 - Main : numBits AFTER  : 29
2023-03-04 01:09:59.113 - Main : x value BEFORE : 34359738367
2023-03-04 01:09:59.114 - Main : x value AFTER  : 17179869183
2023-03-04 01:09:59.116 - Main : numBits BEFORE : 29
2023-03-04 01:09:59.117 - Main : numBits AFTER  : 30
2023-03-04 01:09:59.119 - Main : x value BEFORE : 17179869183
2023-03-04 01:09:59.120 - Main : x value AFTER  : 8589934591
2023-03-04 01:09:59.121 - Main : numBits BEFORE : 30
2023-03-04 01:09:59.123 - Main : numBits AFTER  : 31
2023-03-04 01:09:59.124 - Main : x value BEFORE : 8589934591
2023-03-04 01:09:59.126 - Main : x value AFTER  : 4294967295
2023-03-04 01:09:59.127 - Main : numBits BEFORE : 31
2023-03-04 01:09:59.129 - Main : numBits AFTER  : 32
2023-03-04 01:09:59.131 - Main : x value BEFORE : 4294967295
2023-03-04 01:09:59.132 - Main : x value AFTER  : 2147483647
2023-03-04 01:09:59.134 - Main : numBits BEFORE : 32
2023-03-04 01:09:59.135 - Main : numBits AFTER  : 33
2023-03-04 01:09:59.136 - Main : x value BEFORE : 2147483647
2023-03-04 01:09:59.138 - Main : x value AFTER  : 1073741823
2023-03-04 01:09:59.139 - Main : numBits BEFORE : 33
2023-03-04 01:09:59.141 - Main : numBits AFTER  : 34
2023-03-04 01:09:59.142 - Main : x value BEFORE : 1073741823
2023-03-04 01:09:59.143 - Main : x value AFTER  : 536870911
2023-03-04 01:09:59.145 - Main : numBits BEFORE : 34
2023-03-04 01:09:59.146 - Main : numBits AFTER  : 35
2023-03-04 01:09:59.148 - Main : x value BEFORE : 536870911
2023-03-04 01:09:59.150 - Main : x value AFTER  : 268435455
2023-03-04 01:09:59.152 - Main : numBits BEFORE : 35
2023-03-04 01:09:59.153 - Main : numBits AFTER  : 36
2023-03-04 01:09:59.154 - Main : x value BEFORE : 268435455
2023-03-04 01:09:59.155 - Main : x value AFTER  : 134217727
2023-03-04 01:09:59.157 - Main : numBits BEFORE : 36
2023-03-04 01:09:59.158 - Main : numBits AFTER  : 37
2023-03-04 01:09:59.159 - Main : x value BEFORE : 134217727
2023-03-04 01:09:59.161 - Main : x value AFTER  : 67108863
2023-03-04 01:09:59.162 - Main : numBits BEFORE : 37
2023-03-04 01:09:59.163 - Main : numBits AFTER  : 38
2023-03-04 01:09:59.166 - Main : x value BEFORE : 67108863
2023-03-04 01:09:59.168 - Main : x value AFTER  : 33554431
2023-03-04 01:09:59.169 - Main : numBits BEFORE : 38
2023-03-04 01:09:59.170 - Main : numBits AFTER  : 39
2023-03-04 01:09:59.172 - Main : x value BEFORE : 33554431
2023-03-04 01:09:59.173 - Main : x value AFTER  : 16777215
2023-03-04 01:09:59.174 - Main : numBits BEFORE : 39
2023-03-04 01:09:59.175 - Main : numBits AFTER  : 40
2023-03-04 01:09:59.177 - Main : x value BEFORE : 16777215
2023-03-04 01:09:59.179 - Main : x value AFTER  : 8388607
2023-03-04 01:09:59.181 - Main : numBits BEFORE : 40
2023-03-04 01:09:59.183 - Main : numBits AFTER  : 41
2023-03-04 01:09:59.184 - Main : x value BEFORE : 8388607
2023-03-04 01:09:59.186 - Main : x value AFTER  : 4194303
2023-03-04 01:09:59.188 - Main : numBits BEFORE : 41
2023-03-04 01:09:59.189 - Main : numBits AFTER  : 42
2023-03-04 01:09:59.191 - Main : x value BEFORE : 4194303
2023-03-04 01:09:59.192 - Main : x value AFTER  : 2097151
2023-03-04 01:09:59.194 - Main : numBits BEFORE : 42
2023-03-04 01:09:59.197 - Main : numBits AFTER  : 43
2023-03-04 01:09:59.201 - Main : x value BEFORE : 2097151
2023-03-04 01:09:59.202 - Main : x value AFTER  : 1048575
2023-03-04 01:09:59.204 - Main : numBits BEFORE : 43
2023-03-04 01:09:59.205 - Main : numBits AFTER  : 44
2023-03-04 01:09:59.207 - Main : x value BEFORE : 1048575
2023-03-04 01:09:59.209 - Main : x value AFTER  : 524287
2023-03-04 01:09:59.210 - Main : numBits BEFORE : 44
2023-03-04 01:09:59.211 - Main : numBits AFTER  : 45
2023-03-04 01:09:59.212 - Main : x value BEFORE : 524287
2023-03-04 01:09:59.213 - Main : x value AFTER  : 262143
2023-03-04 01:09:59.215 - Main : numBits BEFORE : 45
2023-03-04 01:09:59.217 - Main : numBits AFTER  : 46
2023-03-04 01:09:59.218 - Main : x value BEFORE : 262143
2023-03-04 01:09:59.219 - Main : x value AFTER  : 131071
2023-03-04 01:09:59.221 - Main : numBits BEFORE : 46
2023-03-04 01:09:59.222 - Main : numBits AFTER  : 47
2023-03-04 01:09:59.224 - Main : x value BEFORE : 131071
2023-03-04 01:09:59.225 - Main : x value AFTER  : 65535
2023-03-04 01:09:59.226 - Main : numBits BEFORE : 47
2023-03-04 01:09:59.227 - Main : numBits AFTER  : 48
2023-03-04 01:09:59.229 - Main : x value BEFORE : 65535
2023-03-04 01:09:59.230 - Main : x value AFTER  : 32767
2023-03-04 01:09:59.232 - Main : numBits BEFORE : 48
2023-03-04 01:09:59.233 - Main : numBits AFTER  : 49
2023-03-04 01:09:59.235 - Main : x value BEFORE : 32767
2023-03-04 01:09:59.236 - Main : x value AFTER  : 16383
2023-03-04 01:09:59.237 - Main : numBits BEFORE : 49
2023-03-04 01:09:59.238 - Main : numBits AFTER  : 50
2023-03-04 01:09:59.240 - Main : x value BEFORE : 16383
2023-03-04 01:09:59.241 - Main : x value AFTER  : 8191
2023-03-04 01:09:59.242 - Main : numBits BEFORE : 50
2023-03-04 01:09:59.243 - Main : numBits AFTER  : 51
2023-03-04 01:09:59.244 - Main : x value BEFORE : 8191
2023-03-04 01:09:59.245 - Main : x value AFTER  : 4095
2023-03-04 01:09:59.246 - Main : numBits BEFORE : 51
2023-03-04 01:09:59.247 - Main : numBits AFTER  : 52
2023-03-04 01:09:59.249 - Main : x value BEFORE : 4095
2023-03-04 01:09:59.250 - Main : x value AFTER  : 2047
2023-03-04 01:09:59.252 - Main : numBits BEFORE : 52
2023-03-04 01:09:59.253 - Main : numBits AFTER  : 53
2023-03-04 01:09:59.254 - Main : x value BEFORE : 2047
2023-03-04 01:09:59.256 - Main : x value AFTER  : 1023
2023-03-04 01:09:59.257 - Main : numBits BEFORE : 53
2023-03-04 01:09:59.259 - Main : numBits AFTER  : 54
2023-03-04 01:09:59.260 - Main : x value BEFORE : 1023
2023-03-04 01:09:59.261 - Main : x value AFTER  : 511
2023-03-04 01:09:59.262 - Main : numBits BEFORE : 54
2023-03-04 01:09:59.264 - Main : numBits AFTER  : 55
2023-03-04 01:09:59.265 - Main : x value BEFORE : 511
2023-03-04 01:09:59.266 - Main : x value AFTER  : 255
2023-03-04 01:09:59.268 - Main : numBits BEFORE : 55
2023-03-04 01:09:59.269 - Main : numBits AFTER  : 56
2023-03-04 01:09:59.270 - Main : x value BEFORE : 255
2023-03-04 01:09:59.271 - Main : x value AFTER  : 127
2023-03-04 01:09:59.273 - Main : numBits BEFORE : 56
2023-03-04 01:09:59.274 - Main : numBits AFTER  : 57
2023-03-04 01:09:59.275 - Main : x value BEFORE : 127
2023-03-04 01:09:59.276 - Main : x value AFTER  : 63
2023-03-04 01:09:59.278 - Main : numBits BEFORE : 57
2023-03-04 01:09:59.279 - Main : numBits AFTER  : 58
2023-03-04 01:09:59.280 - Main : x value BEFORE : 63
2023-03-04 01:09:59.282 - Main : x value AFTER  : 31
2023-03-04 01:09:59.283 - Main : numBits BEFORE : 58
2023-03-04 01:09:59.284 - Main : numBits AFTER  : 59
2023-03-04 01:09:59.286 - Main : x value BEFORE : 31
2023-03-04 01:09:59.287 - Main : x value AFTER  : 15
2023-03-04 01:09:59.288 - Main : numBits BEFORE : 59
2023-03-04 01:09:59.289 - Main : numBits AFTER  : 60
2023-03-04 01:09:59.290 - Main : x value BEFORE : 15
2023-03-04 01:09:59.291 - Main : x value AFTER  : 7
2023-03-04 01:09:59.292 - Main : numBits BEFORE : 60
2023-03-04 01:09:59.293 - Main : numBits AFTER  : 61
2023-03-04 01:09:59.294 - Main : x value BEFORE : 7
2023-03-04 01:09:59.294 - Main : x value AFTER  : 3
2023-03-04 01:09:59.295 - Main : numBits BEFORE : 61
2023-03-04 01:09:59.296 - Main : numBits AFTER  : 62
2023-03-04 01:09:59.297 - Main : x value BEFORE : 3
2023-03-04 01:09:59.298 - Main : x value AFTER  : 1
2023-03-04 01:09:59.299 - Main : numBits BEFORE : 62
2023-03-04 01:09:59.300 - Main : numBits AFTER  : 63
2023-03-04 01:09:59.302 - Main : x value BEFORE : 1
2023-03-04 01:09:59.303 - Main : x value AFTER  : 0
2023-03-04 01:09:59.304 - Main : RESULT IS,... : 63
2023-03-04 01:19:28.175 - Main : Method Result : 63
2023-03-04 01:26:47.753 - Main : Method Result : 63
2023-03-04 01:27:11.973 - Main : START OF countBits(9223372036854775807)
2023-03-04 01:27:11.977 - Main : numBits BEFORE : 0
2023-03-04 01:27:11.979 - Main : numBits AFTER  : 1
2023-03-04 01:27:11.981 - Main : x value BEFORE : 111111111111111111111111111111111111111111111111111111111111111
2023-03-04 01:27:11.982 - Main : x value AFTER  : 11111111111111111111111111111111111111111111111111111111111111
2023-03-04 01:27:11.985 - Main : numBits BEFORE : 1
2023-03-04 01:27:11.987 - Main : numBits AFTER  : 2
2023-03-04 01:27:11.988 - Main : x value BEFORE : 11111111111111111111111111111111111111111111111111111111111111
2023-03-04 01:27:11.990 - Main : x value AFTER  : 1111111111111111111111111111111111111111111111111111111111111
2023-03-04 01:27:11.991 - Main : numBits BEFORE : 2
2023-03-04 01:27:11.993 - Main : numBits AFTER  : 3
2023-03-04 01:27:11.994 - Main : x value BEFORE : 1111111111111111111111111111111111111111111111111111111111111
2023-03-04 01:27:11.995 - Main : x value AFTER  : 111111111111111111111111111111111111111111111111111111111111
2023-03-04 01:27:11.997 - Main : numBits BEFORE : 3
2023-03-04 01:27:11.998 - Main : numBits AFTER  : 4
2023-03-04 01:27:12.000 - Main : x value BEFORE : 111111111111111111111111111111111111111111111111111111111111
2023-03-04 01:27:12.002 - Main : x value AFTER  : 11111111111111111111111111111111111111111111111111111111111
2023-03-04 01:27:12.004 - Main : numBits BEFORE : 4
2023-03-04 01:27:12.005 - Main : numBits AFTER  : 5
2023-03-04 01:27:12.006 - Main : x value BEFORE : 11111111111111111111111111111111111111111111111111111111111
2023-03-04 01:27:12.008 - Main : x value AFTER  : 1111111111111111111111111111111111111111111111111111111111
2023-03-04 01:27:12.009 - Main : numBits BEFORE : 5
2023-03-04 01:27:12.011 - Main : numBits AFTER  : 6
2023-03-04 01:27:12.012 - Main : x value BEFORE : 1111111111111111111111111111111111111111111111111111111111
2023-03-04 01:27:12.014 - Main : x value AFTER  : 111111111111111111111111111111111111111111111111111111111
2023-03-04 01:27:12.016 - Main : numBits BEFORE : 6
2023-03-04 01:27:12.018 - Main : numBits AFTER  : 7
2023-03-04 01:27:12.020 - Main : x value BEFORE : 111111111111111111111111111111111111111111111111111111111
2023-03-04 01:27:12.021 - Main : x value AFTER  : 11111111111111111111111111111111111111111111111111111111
2023-03-04 01:27:12.022 - Main : numBits BEFORE : 7
2023-03-04 01:27:12.024 - Main : numBits AFTER  : 8
2023-03-04 01:27:12.026 - Main : x value BEFORE : 11111111111111111111111111111111111111111111111111111111
2023-03-04 01:27:12.027 - Main : x value AFTER  : 1111111111111111111111111111111111111111111111111111111
2023-03-04 01:27:12.029 - Main : numBits BEFORE : 8
2023-03-04 01:27:12.031 - Main : numBits AFTER  : 9
2023-03-04 01:27:12.033 - Main : x value BEFORE : 1111111111111111111111111111111111111111111111111111111
2023-03-04 01:27:12.035 - Main : x value AFTER  : 111111111111111111111111111111111111111111111111111111
2023-03-04 01:27:12.037 - Main : numBits BEFORE : 9
2023-03-04 01:27:12.038 - Main : numBits AFTER  : 10
2023-03-04 01:27:12.040 - Main : x value BEFORE : 111111111111111111111111111111111111111111111111111111
2023-03-04 01:27:12.042 - Main : x value AFTER  : 11111111111111111111111111111111111111111111111111111
2023-03-04 01:27:12.043 - Main : numBits BEFORE : 10
2023-03-04 01:27:12.045 - Main : numBits AFTER  : 11
2023-03-04 01:27:12.046 - Main : x value BEFORE : 11111111111111111111111111111111111111111111111111111
2023-03-04 01:27:12.048 - Main : x value AFTER  : 1111111111111111111111111111111111111111111111111111
2023-03-04 01:27:12.049 - Main : numBits BEFORE : 11
2023-03-04 01:27:12.051 - Main : numBits AFTER  : 12
2023-03-04 01:27:12.052 - Main : x value BEFORE : 1111111111111111111111111111111111111111111111111111
2023-03-04 01:27:12.053 - Main : x value AFTER  : 111111111111111111111111111111111111111111111111111
2023-03-04 01:27:12.054 - Main : numBits BEFORE : 12
2023-03-04 01:27:12.055 - Main : numBits AFTER  : 13
2023-03-04 01:27:12.057 - Main : x value BEFORE : 111111111111111111111111111111111111111111111111111
2023-03-04 01:27:12.058 - Main : x value AFTER  : 11111111111111111111111111111111111111111111111111
2023-03-04 01:27:12.059 - Main : numBits BEFORE : 13
2023-03-04 01:27:12.061 - Main : numBits AFTER  : 14
2023-03-04 01:27:12.063 - Main : x value BEFORE : 11111111111111111111111111111111111111111111111111
2023-03-04 01:27:12.065 - Main : x value AFTER  : 1111111111111111111111111111111111111111111111111
2023-03-04 01:27:12.067 - Main : numBits BEFORE : 14
2023-03-04 01:27:12.068 - Main : numBits AFTER  : 15
2023-03-04 01:27:12.069 - Main : x value BEFORE : 1111111111111111111111111111111111111111111111111
2023-03-04 01:27:12.070 - Main : x value AFTER  : 111111111111111111111111111111111111111111111111
2023-03-04 01:27:12.071 - Main : numBits BEFORE : 15
2023-03-04 01:27:12.072 - Main : numBits AFTER  : 16
2023-03-04 01:27:12.073 - Main : x value BEFORE : 111111111111111111111111111111111111111111111111
2023-03-04 01:27:12.075 - Main : x value AFTER  : 11111111111111111111111111111111111111111111111
2023-03-04 01:27:12.076 - Main : numBits BEFORE : 16
2023-03-04 01:27:12.077 - Main : numBits AFTER  : 17
2023-03-04 01:27:12.079 - Main : x value BEFORE : 11111111111111111111111111111111111111111111111
2023-03-04 01:27:12.080 - Main : x value AFTER  : 1111111111111111111111111111111111111111111111
2023-03-04 01:27:12.081 - Main : numBits BEFORE : 17
2023-03-04 01:27:12.083 - Main : numBits AFTER  : 18
2023-03-04 01:27:12.084 - Main : x value BEFORE : 1111111111111111111111111111111111111111111111
2023-03-04 01:27:12.086 - Main : x value AFTER  : 111111111111111111111111111111111111111111111
2023-03-04 01:27:12.088 - Main : numBits BEFORE : 18
2023-03-04 01:27:12.089 - Main : numBits AFTER  : 19
2023-03-04 01:27:12.091 - Main : x value BEFORE : 111111111111111111111111111111111111111111111
2023-03-04 01:27:12.092 - Main : x value AFTER  : 11111111111111111111111111111111111111111111
2023-03-04 01:27:12.094 - Main : numBits BEFORE : 19
2023-03-04 01:27:12.095 - Main : numBits AFTER  : 20
2023-03-04 01:27:12.097 - Main : x value BEFORE : 11111111111111111111111111111111111111111111
2023-03-04 01:27:12.098 - Main : x value AFTER  : 1111111111111111111111111111111111111111111
2023-03-04 01:27:12.099 - Main : numBits BEFORE : 20
2023-03-04 01:27:12.101 - Main : numBits AFTER  : 21
2023-03-04 01:27:12.101 - Main : x value BEFORE : 1111111111111111111111111111111111111111111
2023-03-04 01:27:12.103 - Main : x value AFTER  : 111111111111111111111111111111111111111111
2023-03-04 01:27:12.104 - Main : numBits BEFORE : 21
2023-03-04 01:27:12.105 - Main : numBits AFTER  : 22
2023-03-04 01:27:12.106 - Main : x value BEFORE : 111111111111111111111111111111111111111111
2023-03-04 01:27:12.107 - Main : x value AFTER  : 11111111111111111111111111111111111111111
2023-03-04 01:27:12.108 - Main : numBits BEFORE : 22
2023-03-04 01:27:12.109 - Main : numBits AFTER  : 23
2023-03-04 01:27:12.110 - Main : x value BEFORE : 11111111111111111111111111111111111111111
2023-03-04 01:27:12.111 - Main : x value AFTER  : 1111111111111111111111111111111111111111
2023-03-04 01:27:12.112 - Main : numBits BEFORE : 23
2023-03-04 01:27:12.113 - Main : numBits AFTER  : 24
2023-03-04 01:27:12.114 - Main : x value BEFORE : 1111111111111111111111111111111111111111
2023-03-04 01:27:12.115 - Main : x value AFTER  : 111111111111111111111111111111111111111
2023-03-04 01:27:12.116 - Main : numBits BEFORE : 24
2023-03-04 01:27:12.117 - Main : numBits AFTER  : 25
2023-03-04 01:27:12.118 - Main : x value BEFORE : 111111111111111111111111111111111111111
2023-03-04 01:27:12.119 - Main : x value AFTER  : 11111111111111111111111111111111111111
2023-03-04 01:27:12.120 - Main : numBits BEFORE : 25
2023-03-04 01:27:12.121 - Main : numBits AFTER  : 26
2023-03-04 01:27:12.122 - Main : x value BEFORE : 11111111111111111111111111111111111111
2023-03-04 01:27:12.123 - Main : x value AFTER  : 1111111111111111111111111111111111111
2023-03-04 01:27:12.124 - Main : numBits BEFORE : 26
2023-03-04 01:27:12.125 - Main : numBits AFTER  : 27
2023-03-04 01:27:12.126 - Main : x value BEFORE : 1111111111111111111111111111111111111
2023-03-04 01:27:12.127 - Main : x value AFTER  : 111111111111111111111111111111111111
2023-03-04 01:27:12.128 - Main : numBits BEFORE : 27
2023-03-04 01:27:12.129 - Main : numBits AFTER  : 28
2023-03-04 01:27:12.130 - Main : x value BEFORE : 111111111111111111111111111111111111
2023-03-04 01:27:12.131 - Main : x value AFTER  : 11111111111111111111111111111111111
2023-03-04 01:27:12.132 - Main : numBits BEFORE : 28
2023-03-04 01:27:12.133 - Main : numBits AFTER  : 29
2023-03-04 01:27:12.133 - Main : x value BEFORE : 11111111111111111111111111111111111
2023-03-04 01:27:12.134 - Main : x value AFTER  : 1111111111111111111111111111111111
2023-03-04 01:27:12.135 - Main : numBits BEFORE : 29
2023-03-04 01:27:12.137 - Main : numBits AFTER  : 30
2023-03-04 01:27:12.138 - Main : x value BEFORE : 1111111111111111111111111111111111
2023-03-04 01:27:12.139 - Main : x value AFTER  : 111111111111111111111111111111111
2023-03-04 01:27:12.140 - Main : numBits BEFORE : 30
2023-03-04 01:27:12.141 - Main : numBits AFTER  : 31
2023-03-04 01:27:12.143 - Main : x value BEFORE : 111111111111111111111111111111111
2023-03-04 01:27:12.144 - Main : x value AFTER  : 11111111111111111111111111111111
2023-03-04 01:27:12.145 - Main : numBits BEFORE : 31
2023-03-04 01:27:12.147 - Main : numBits AFTER  : 32
2023-03-04 01:27:12.148 - Main : x value BEFORE : 11111111111111111111111111111111
2023-03-04 01:27:12.149 - Main : x value AFTER  : 1111111111111111111111111111111
2023-03-04 01:27:12.150 - Main : numBits BEFORE : 32
2023-03-04 01:27:12.151 - Main : numBits AFTER  : 33
2023-03-04 01:27:12.152 - Main : x value BEFORE : 1111111111111111111111111111111
2023-03-04 01:27:12.153 - Main : x value AFTER  : 111111111111111111111111111111
2023-03-04 01:27:12.154 - Main : numBits BEFORE : 33
2023-03-04 01:27:12.155 - Main : numBits AFTER  : 34
2023-03-04 01:27:12.155 - Main : x value BEFORE : 111111111111111111111111111111
2023-03-04 01:27:12.156 - Main : x value AFTER  : 11111111111111111111111111111
2023-03-04 01:27:12.157 - Main : numBits BEFORE : 34
2023-03-04 01:27:12.158 - Main : numBits AFTER  : 35
2023-03-04 01:27:12.159 - Main : x value BEFORE : 11111111111111111111111111111
2023-03-04 01:27:12.160 - Main : x value AFTER  : 1111111111111111111111111111
2023-03-04 01:27:12.161 - Main : numBits BEFORE : 35
2023-03-04 01:27:12.162 - Main : numBits AFTER  : 36
2023-03-04 01:27:12.162 - Main : x value BEFORE : 1111111111111111111111111111
2023-03-04 01:27:12.163 - Main : x value AFTER  : 111111111111111111111111111
2023-03-04 01:27:12.164 - Main : numBits BEFORE : 36
2023-03-04 01:27:12.165 - Main : numBits AFTER  : 37
2023-03-04 01:27:12.166 - Main : x value BEFORE : 111111111111111111111111111
2023-03-04 01:27:12.167 - Main : x value AFTER  : 11111111111111111111111111
2023-03-04 01:27:12.168 - Main : numBits BEFORE : 37
2023-03-04 01:27:12.169 - Main : numBits AFTER  : 38
2023-03-04 01:27:12.171 - Main : x value BEFORE : 11111111111111111111111111
2023-03-04 01:27:12.171 - Main : x value AFTER  : 1111111111111111111111111
2023-03-04 01:27:12.173 - Main : numBits BEFORE : 38
2023-03-04 01:27:12.174 - Main : numBits AFTER  : 39
2023-03-04 01:27:12.175 - Main : x value BEFORE : 1111111111111111111111111
2023-03-04 01:27:12.176 - Main : x value AFTER  : 111111111111111111111111
2023-03-04 01:27:12.177 - Main : numBits BEFORE : 39
2023-03-04 01:27:12.178 - Main : numBits AFTER  : 40
2023-03-04 01:27:12.179 - Main : x value BEFORE : 111111111111111111111111
2023-03-04 01:27:12.180 - Main : x value AFTER  : 11111111111111111111111
2023-03-04 01:27:12.181 - Main : numBits BEFORE : 40
2023-03-04 01:27:12.183 - Main : numBits AFTER  : 41
2023-03-04 01:27:12.184 - Main : x value BEFORE : 11111111111111111111111
2023-03-04 01:27:12.185 - Main : x value AFTER  : 1111111111111111111111
2023-03-04 01:27:12.186 - Main : numBits BEFORE : 41
2023-03-04 01:27:12.187 - Main : numBits AFTER  : 42
2023-03-04 01:27:12.188 - Main : x value BEFORE : 1111111111111111111111
2023-03-04 01:27:12.189 - Main : x value AFTER  : 111111111111111111111
2023-03-04 01:27:12.190 - Main : numBits BEFORE : 42
2023-03-04 01:27:12.192 - Main : numBits AFTER  : 43
2023-03-04 01:27:12.193 - Main : x value BEFORE : 111111111111111111111
2023-03-04 01:27:12.194 - Main : x value AFTER  : 11111111111111111111
2023-03-04 01:27:12.195 - Main : numBits BEFORE : 43
2023-03-04 01:27:12.197 - Main : numBits AFTER  : 44
2023-03-04 01:27:12.198 - Main : x value BEFORE : 11111111111111111111
2023-03-04 01:27:12.199 - Main : x value AFTER  : 1111111111111111111
2023-03-04 01:27:12.200 - Main : numBits BEFORE : 44
2023-03-04 01:27:12.202 - Main : numBits AFTER  : 45
2023-03-04 01:27:12.203 - Main : x value BEFORE : 1111111111111111111
2023-03-04 01:27:12.204 - Main : x value AFTER  : 111111111111111111
2023-03-04 01:27:12.204 - Main : numBits BEFORE : 45
2023-03-04 01:27:12.206 - Main : numBits AFTER  : 46
2023-03-04 01:27:12.207 - Main : x value BEFORE : 111111111111111111
2023-03-04 01:27:12.208 - Main : x value AFTER  : 11111111111111111
2023-03-04 01:27:12.210 - Main : numBits BEFORE : 46
2023-03-04 01:27:12.211 - Main : numBits AFTER  : 47
2023-03-04 01:27:12.213 - Main : x value BEFORE : 11111111111111111
2023-03-04 01:27:12.214 - Main : x value AFTER  : 1111111111111111
2023-03-04 01:27:12.215 - Main : numBits BEFORE : 47
2023-03-04 01:27:12.217 - Main : numBits AFTER  : 48
2023-03-04 01:27:12.219 - Main : x value BEFORE : 1111111111111111
2023-03-04 01:27:12.220 - Main : x value AFTER  : 111111111111111
2023-03-04 01:27:12.221 - Main : numBits BEFORE : 48
2023-03-04 01:27:12.222 - Main : numBits AFTER  : 49
2023-03-04 01:27:12.223 - Main : x value BEFORE : 111111111111111
2023-03-04 01:27:12.225 - Main : x value AFTER  : 11111111111111
2023-03-04 01:27:12.226 - Main : numBits BEFORE : 49
2023-03-04 01:27:12.227 - Main : numBits AFTER  : 50
2023-03-04 01:27:12.228 - Main : x value BEFORE : 11111111111111
2023-03-04 01:27:12.229 - Main : x value AFTER  : 1111111111111
2023-03-04 01:27:12.230 - Main : numBits BEFORE : 50
2023-03-04 01:27:12.231 - Main : numBits AFTER  : 51
2023-03-04 01:27:12.234 - Main : x value BEFORE : 1111111111111
2023-03-04 01:27:12.236 - Main : x value AFTER  : 111111111111
2023-03-04 01:27:12.237 - Main : numBits BEFORE : 51
2023-03-04 01:27:12.238 - Main : numBits AFTER  : 52
2023-03-04 01:27:12.239 - Main : x value BEFORE : 111111111111
2023-03-04 01:27:12.241 - Main : x value AFTER  : 11111111111
2023-03-04 01:27:12.242 - Main : numBits BEFORE : 52
2023-03-04 01:27:12.243 - Main : numBits AFTER  : 53
2023-03-04 01:27:12.245 - Main : x value BEFORE : 11111111111
2023-03-04 01:27:12.246 - Main : x value AFTER  : 1111111111
2023-03-04 01:27:12.248 - Main : numBits BEFORE : 53
2023-03-04 01:27:12.250 - Main : numBits AFTER  : 54
2023-03-04 01:27:12.252 - Main : x value BEFORE : 1111111111
2023-03-04 01:27:12.253 - Main : x value AFTER  : 111111111
2023-03-04 01:27:12.254 - Main : numBits BEFORE : 54
2023-03-04 01:27:12.256 - Main : numBits AFTER  : 55
2023-03-04 01:27:12.257 - Main : x value BEFORE : 111111111
2023-03-04 01:27:12.259 - Main : x value AFTER  : 11111111
2023-03-04 01:27:12.260 - Main : numBits BEFORE : 55
2023-03-04 01:27:12.261 - Main : numBits AFTER  : 56
2023-03-04 01:27:12.262 - Main : x value BEFORE : 11111111
2023-03-04 01:27:12.263 - Main : x value AFTER  : 1111111
2023-03-04 01:27:12.264 - Main : numBits BEFORE : 56
2023-03-04 01:27:12.265 - Main : numBits AFTER  : 57
2023-03-04 01:27:12.266 - Main : x value BEFORE : 1111111
2023-03-04 01:27:12.268 - Main : x value AFTER  : 111111
2023-03-04 01:27:12.269 - Main : numBits BEFORE : 57
2023-03-04 01:27:12.271 - Main : numBits AFTER  : 58
2023-03-04 01:27:12.272 - Main : x value BEFORE : 111111
2023-03-04 01:27:12.273 - Main : x value AFTER  : 11111
2023-03-04 01:27:12.274 - Main : numBits BEFORE : 58
2023-03-04 01:27:12.275 - Main : numBits AFTER  : 59
2023-03-04 01:27:12.277 - Main : x value BEFORE : 11111
2023-03-04 01:27:12.278 - Main : x value AFTER  : 1111
2023-03-04 01:27:12.279 - Main : numBits BEFORE : 59
2023-03-04 01:27:12.281 - Main : numBits AFTER  : 60
2023-03-04 01:27:12.282 - Main : x value BEFORE : 1111
2023-03-04 01:27:12.284 - Main : x value AFTER  : 111
2023-03-04 01:27:12.285 - Main : numBits BEFORE : 60
2023-03-04 01:27:12.286 - Main : numBits AFTER  : 61
2023-03-04 01:27:12.288 - Main : x value BEFORE : 111
2023-03-04 01:27:12.289 - Main : x value AFTER  : 11
2023-03-04 01:27:12.290 - Main : numBits BEFORE : 61
2023-03-04 01:27:12.291 - Main : numBits AFTER  : 62
2023-03-04 01:27:12.292 - Main : x value BEFORE : 11
2023-03-04 01:27:12.294 - Main : x value AFTER  : 1
2023-03-04 01:27:12.295 - Main : numBits BEFORE : 62
2023-03-04 01:27:12.297 - Main : numBits AFTER  : 63
2023-03-04 01:27:12.298 - Main : x value BEFORE : 1
2023-03-04 01:27:12.299 - Main : x value AFTER  : 0
2023-03-04 01:27:12.300 - Main : End of while : numBits IS : 63
2023-03-04 01:27:12.302 - Main : Method Result : 63
2023-03-04 01:28:02.303 - Main : START OF countBits(9223372036854775807)
2023-03-04 01:28:02.307 - Main : numBits BEFORE : 0
2023-03-04 01:28:02.308 - Main : numBits AFTER  : 1
2023-03-04 01:28:02.310 - Main : x value BEFORE :  111111111111111111111111111111111111111111111111111111111111111
2023-03-04 01:28:02.312 - Main : x value AFTER  :   11111111111111111111111111111111111111111111111111111111111111
2023-03-04 01:28:02.315 - Main : numBits BEFORE : 1
2023-03-04 01:28:02.317 - Main : numBits AFTER  : 2
2023-03-04 01:28:02.319 - Main : x value BEFORE :   11111111111111111111111111111111111111111111111111111111111111
2023-03-04 01:28:02.320 - Main : x value AFTER  :    1111111111111111111111111111111111111111111111111111111111111
2023-03-04 01:28:02.322 - Main : numBits BEFORE : 2
2023-03-04 01:28:02.324 - Main : numBits AFTER  : 3
2023-03-04 01:28:02.326 - Main : x value BEFORE :    1111111111111111111111111111111111111111111111111111111111111
2023-03-04 01:28:02.329 - Main : x value AFTER  :     111111111111111111111111111111111111111111111111111111111111
2023-03-04 01:28:02.331 - Main : numBits BEFORE : 3
2023-03-04 01:28:02.333 - Main : numBits AFTER  : 4
2023-03-04 01:28:02.335 - Main : x value BEFORE :     111111111111111111111111111111111111111111111111111111111111
2023-03-04 01:28:02.336 - Main : x value AFTER  :      11111111111111111111111111111111111111111111111111111111111
2023-03-04 01:28:02.338 - Main : numBits BEFORE : 4
2023-03-04 01:28:02.339 - Main : numBits AFTER  : 5
2023-03-04 01:28:02.340 - Main : x value BEFORE :      11111111111111111111111111111111111111111111111111111111111
2023-03-04 01:28:02.343 - Main : x value AFTER  :       1111111111111111111111111111111111111111111111111111111111
2023-03-04 01:28:02.345 - Main : numBits BEFORE : 5
2023-03-04 01:28:02.346 - Main : numBits AFTER  : 6
2023-03-04 01:28:02.347 - Main : x value BEFORE :       1111111111111111111111111111111111111111111111111111111111
2023-03-04 01:28:02.348 - Main : x value AFTER  :        111111111111111111111111111111111111111111111111111111111
2023-03-04 01:28:02.350 - Main : numBits BEFORE : 6
2023-03-04 01:28:02.352 - Main : numBits AFTER  : 7
2023-03-04 01:28:02.353 - Main : x value BEFORE :        111111111111111111111111111111111111111111111111111111111
2023-03-04 01:28:02.356 - Main : x value AFTER  :         11111111111111111111111111111111111111111111111111111111
2023-03-04 01:28:02.357 - Main : numBits BEFORE : 7
2023-03-04 01:28:02.359 - Main : numBits AFTER  : 8
2023-03-04 01:28:02.361 - Main : x value BEFORE :         11111111111111111111111111111111111111111111111111111111
2023-03-04 01:28:02.362 - Main : x value AFTER  :          1111111111111111111111111111111111111111111111111111111
2023-03-04 01:28:02.364 - Main : numBits BEFORE : 8
2023-03-04 01:28:02.365 - Main : numBits AFTER  : 9
2023-03-04 01:28:02.366 - Main : x value BEFORE :          1111111111111111111111111111111111111111111111111111111
2023-03-04 01:28:02.367 - Main : x value AFTER  :           111111111111111111111111111111111111111111111111111111
2023-03-04 01:28:02.369 - Main : numBits BEFORE : 9
2023-03-04 01:28:02.370 - Main : numBits AFTER  : 10
2023-03-04 01:28:02.372 - Main : x value BEFORE :           111111111111111111111111111111111111111111111111111111
2023-03-04 01:28:02.373 - Main : x value AFTER  :            11111111111111111111111111111111111111111111111111111
2023-03-04 01:28:02.374 - Main : numBits BEFORE : 10
2023-03-04 01:28:02.376 - Main : numBits AFTER  : 11
2023-03-04 01:28:02.377 - Main : x value BEFORE :            11111111111111111111111111111111111111111111111111111
2023-03-04 01:28:02.378 - Main : x value AFTER  :             1111111111111111111111111111111111111111111111111111
2023-03-04 01:28:02.379 - Main : numBits BEFORE : 11
2023-03-04 01:28:02.380 - Main : numBits AFTER  : 12
2023-03-04 01:28:02.382 - Main : x value BEFORE :             1111111111111111111111111111111111111111111111111111
2023-03-04 01:28:02.383 - Main : x value AFTER  :              111111111111111111111111111111111111111111111111111
2023-03-04 01:28:02.384 - Main : numBits BEFORE : 12
2023-03-04 01:28:02.386 - Main : numBits AFTER  : 13
2023-03-04 01:28:02.387 - Main : x value BEFORE :              111111111111111111111111111111111111111111111111111
2023-03-04 01:28:02.389 - Main : x value AFTER  :               11111111111111111111111111111111111111111111111111
2023-03-04 01:28:02.390 - Main : numBits BEFORE : 13
2023-03-04 01:28:02.392 - Main : numBits AFTER  : 14
2023-03-04 01:28:02.394 - Main : x value BEFORE :               11111111111111111111111111111111111111111111111111
2023-03-04 01:28:02.395 - Main : x value AFTER  :                1111111111111111111111111111111111111111111111111
2023-03-04 01:28:02.396 - Main : numBits BEFORE : 14
2023-03-04 01:28:02.397 - Main : numBits AFTER  : 15
2023-03-04 01:28:02.398 - Main : x value BEFORE :                1111111111111111111111111111111111111111111111111
2023-03-04 01:28:02.399 - Main : x value AFTER  :                 111111111111111111111111111111111111111111111111
2023-03-04 01:28:02.401 - Main : numBits BEFORE : 15
2023-03-04 01:28:02.402 - Main : numBits AFTER  : 16
2023-03-04 01:28:02.403 - Main : x value BEFORE :                 111111111111111111111111111111111111111111111111
2023-03-04 01:28:02.404 - Main : x value AFTER  :                  11111111111111111111111111111111111111111111111
2023-03-04 01:28:02.406 - Main : numBits BEFORE : 16
2023-03-04 01:28:02.407 - Main : numBits AFTER  : 17
2023-03-04 01:28:02.408 - Main : x value BEFORE :                  11111111111111111111111111111111111111111111111
2023-03-04 01:28:02.409 - Main : x value AFTER  :                   1111111111111111111111111111111111111111111111
2023-03-04 01:28:02.410 - Main : numBits BEFORE : 17
2023-03-04 01:28:02.412 - Main : numBits AFTER  : 18
2023-03-04 01:28:02.413 - Main : x value BEFORE :                   1111111111111111111111111111111111111111111111
2023-03-04 01:28:02.414 - Main : x value AFTER  :                    111111111111111111111111111111111111111111111
2023-03-04 01:28:02.415 - Main : numBits BEFORE : 18
2023-03-04 01:28:02.416 - Main : numBits AFTER  : 19
2023-03-04 01:28:02.417 - Main : x value BEFORE :                    111111111111111111111111111111111111111111111
2023-03-04 01:28:02.418 - Main : x value AFTER  :                     11111111111111111111111111111111111111111111
2023-03-04 01:28:02.419 - Main : numBits BEFORE : 19
2023-03-04 01:28:02.420 - Main : numBits AFTER  : 20
2023-03-04 01:28:02.421 - Main : x value BEFORE :                     11111111111111111111111111111111111111111111
2023-03-04 01:28:02.422 - Main : x value AFTER  :                      1111111111111111111111111111111111111111111
2023-03-04 01:28:02.423 - Main : numBits BEFORE : 20
2023-03-04 01:28:02.424 - Main : numBits AFTER  : 21
2023-03-04 01:28:02.425 - Main : x value BEFORE :                      1111111111111111111111111111111111111111111
2023-03-04 01:28:02.426 - Main : x value AFTER  :                       111111111111111111111111111111111111111111
2023-03-04 01:28:02.427 - Main : numBits BEFORE : 21
2023-03-04 01:28:02.428 - Main : numBits AFTER  : 22
2023-03-04 01:28:02.430 - Main : x value BEFORE :                       111111111111111111111111111111111111111111
2023-03-04 01:28:02.431 - Main : x value AFTER  :                        11111111111111111111111111111111111111111
2023-03-04 01:28:02.432 - Main : numBits BEFORE : 22
2023-03-04 01:28:02.433 - Main : numBits AFTER  : 23
2023-03-04 01:28:02.434 - Main : x value BEFORE :                        11111111111111111111111111111111111111111
2023-03-04 01:28:02.435 - Main : x value AFTER  :                         1111111111111111111111111111111111111111
2023-03-04 01:28:02.436 - Main : numBits BEFORE : 23
2023-03-04 01:28:02.437 - Main : numBits AFTER  : 24
2023-03-04 01:28:02.438 - Main : x value BEFORE :                         1111111111111111111111111111111111111111
2023-03-04 01:28:02.439 - Main : x value AFTER  :                          111111111111111111111111111111111111111
2023-03-04 01:28:02.440 - Main : numBits BEFORE : 24
2023-03-04 01:28:02.441 - Main : numBits AFTER  : 25
2023-03-04 01:28:02.442 - Main : x value BEFORE :                          111111111111111111111111111111111111111
2023-03-04 01:28:02.443 - Main : x value AFTER  :                           11111111111111111111111111111111111111
2023-03-04 01:28:02.445 - Main : numBits BEFORE : 25
2023-03-04 01:28:02.446 - Main : numBits AFTER  : 26
2023-03-04 01:28:02.447 - Main : x value BEFORE :                           11111111111111111111111111111111111111
2023-03-04 01:28:02.449 - Main : x value AFTER  :                            1111111111111111111111111111111111111
2023-03-04 01:28:02.450 - Main : numBits BEFORE : 26
2023-03-04 01:28:02.451 - Main : numBits AFTER  : 27
2023-03-04 01:28:02.453 - Main : x value BEFORE :                            1111111111111111111111111111111111111
2023-03-04 01:28:02.453 - Main : x value AFTER  :                             111111111111111111111111111111111111
2023-03-04 01:28:02.454 - Main : numBits BEFORE : 27
2023-03-04 01:28:02.455 - Main : numBits AFTER  : 28
2023-03-04 01:28:02.456 - Main : x value BEFORE :                             111111111111111111111111111111111111
2023-03-04 01:28:02.457 - Main : x value AFTER  :                              11111111111111111111111111111111111
2023-03-04 01:28:02.458 - Main : numBits BEFORE : 28
2023-03-04 01:28:02.460 - Main : numBits AFTER  : 29
2023-03-04 01:28:02.461 - Main : x value BEFORE :                              11111111111111111111111111111111111
2023-03-04 01:28:02.462 - Main : x value AFTER  :                               1111111111111111111111111111111111
2023-03-04 01:28:02.463 - Main : numBits BEFORE : 29
2023-03-04 01:28:02.464 - Main : numBits AFTER  : 30
2023-03-04 01:28:02.465 - Main : x value BEFORE :                               1111111111111111111111111111111111
2023-03-04 01:28:02.466 - Main : x value AFTER  :                                111111111111111111111111111111111
2023-03-04 01:28:02.467 - Main : numBits BEFORE : 30
2023-03-04 01:28:02.469 - Main : numBits AFTER  : 31
2023-03-04 01:28:02.469 - Main : x value BEFORE :                                111111111111111111111111111111111
2023-03-04 01:28:02.471 - Main : x value AFTER  :                                 11111111111111111111111111111111
2023-03-04 01:28:02.472 - Main : numBits BEFORE : 31
2023-03-04 01:28:02.473 - Main : numBits AFTER  : 32
2023-03-04 01:28:02.474 - Main : x value BEFORE :                                 11111111111111111111111111111111
2023-03-04 01:28:02.476 - Main : x value AFTER  :                                  1111111111111111111111111111111
2023-03-04 01:28:02.477 - Main : numBits BEFORE : 32
2023-03-04 01:28:02.478 - Main : numBits AFTER  : 33
2023-03-04 01:28:02.479 - Main : x value BEFORE :                                  1111111111111111111111111111111
2023-03-04 01:28:02.480 - Main : x value AFTER  :                                   111111111111111111111111111111
2023-03-04 01:28:02.481 - Main : numBits BEFORE : 33
2023-03-04 01:28:02.482 - Main : numBits AFTER  : 34
2023-03-04 01:28:02.483 - Main : x value BEFORE :                                   111111111111111111111111111111
2023-03-04 01:28:02.484 - Main : x value AFTER  :                                    11111111111111111111111111111
2023-03-04 01:28:02.485 - Main : numBits BEFORE : 34
2023-03-04 01:28:02.486 - Main : numBits AFTER  : 35
2023-03-04 01:28:02.487 - Main : x value BEFORE :                                    11111111111111111111111111111
2023-03-04 01:28:02.488 - Main : x value AFTER  :                                     1111111111111111111111111111
2023-03-04 01:28:02.489 - Main : numBits BEFORE : 35
2023-03-04 01:28:02.490 - Main : numBits AFTER  : 36
2023-03-04 01:28:02.491 - Main : x value BEFORE :                                     1111111111111111111111111111
2023-03-04 01:28:02.492 - Main : x value AFTER  :                                      111111111111111111111111111
2023-03-04 01:28:02.492 - Main : numBits BEFORE : 36
2023-03-04 01:28:02.494 - Main : numBits AFTER  : 37
2023-03-04 01:28:02.495 - Main : x value BEFORE :                                      111111111111111111111111111
2023-03-04 01:28:02.496 - Main : x value AFTER  :                                       11111111111111111111111111
2023-03-04 01:28:02.497 - Main : numBits BEFORE : 37
2023-03-04 01:28:02.498 - Main : numBits AFTER  : 38
2023-03-04 01:28:02.499 - Main : x value BEFORE :                                       11111111111111111111111111
2023-03-04 01:28:02.500 - Main : x value AFTER  :                                        1111111111111111111111111
2023-03-04 01:28:02.501 - Main : numBits BEFORE : 38
2023-03-04 01:28:02.502 - Main : numBits AFTER  : 39
2023-03-04 01:28:02.503 - Main : x value BEFORE :                                        1111111111111111111111111
2023-03-04 01:28:02.504 - Main : x value AFTER  :                                         111111111111111111111111
2023-03-04 01:28:02.505 - Main : numBits BEFORE : 39
2023-03-04 01:28:02.507 - Main : numBits AFTER  : 40
2023-03-04 01:28:02.508 - Main : x value BEFORE :                                         111111111111111111111111
2023-03-04 01:28:02.509 - Main : x value AFTER  :                                          11111111111111111111111
2023-03-04 01:28:02.510 - Main : numBits BEFORE : 40
2023-03-04 01:28:02.511 - Main : numBits AFTER  : 41
2023-03-04 01:28:02.513 - Main : x value BEFORE :                                          11111111111111111111111
2023-03-04 01:28:02.514 - Main : x value AFTER  :                                           1111111111111111111111
2023-03-04 01:28:02.515 - Main : numBits BEFORE : 41
2023-03-04 01:28:02.517 - Main : numBits AFTER  : 42
2023-03-04 01:28:02.518 - Main : x value BEFORE :                                           1111111111111111111111
2023-03-04 01:28:02.519 - Main : x value AFTER  :                                            111111111111111111111
2023-03-04 01:28:02.520 - Main : numBits BEFORE : 42
2023-03-04 01:28:02.522 - Main : numBits AFTER  : 43
2023-03-04 01:28:02.524 - Main : x value BEFORE :                                            111111111111111111111
2023-03-04 01:28:02.525 - Main : x value AFTER  :                                             11111111111111111111
2023-03-04 01:28:02.528 - Main : numBits BEFORE : 43
2023-03-04 01:28:02.529 - Main : numBits AFTER  : 44
2023-03-04 01:28:02.530 - Main : x value BEFORE :                                             11111111111111111111
2023-03-04 01:28:02.532 - Main : x value AFTER  :                                              1111111111111111111
2023-03-04 01:28:02.533 - Main : numBits BEFORE : 44
2023-03-04 01:28:02.535 - Main : numBits AFTER  : 45
2023-03-04 01:28:02.536 - Main : x value BEFORE :                                              1111111111111111111
2023-03-04 01:28:02.537 - Main : x value AFTER  :                                               111111111111111111
2023-03-04 01:28:02.539 - Main : numBits BEFORE : 45
2023-03-04 01:28:02.540 - Main : numBits AFTER  : 46
2023-03-04 01:28:02.541 - Main : x value BEFORE :                                               111111111111111111
2023-03-04 01:28:02.543 - Main : x value AFTER  :                                                11111111111111111
2023-03-04 01:28:02.545 - Main : numBits BEFORE : 46
2023-03-04 01:28:02.546 - Main : numBits AFTER  : 47
2023-03-04 01:28:02.547 - Main : x value BEFORE :                                                11111111111111111
2023-03-04 01:28:02.548 - Main : x value AFTER  :                                                 1111111111111111
2023-03-04 01:28:02.550 - Main : numBits BEFORE : 47
2023-03-04 01:28:02.551 - Main : numBits AFTER  : 48
2023-03-04 01:28:02.552 - Main : x value BEFORE :                                                 1111111111111111
2023-03-04 01:28:02.553 - Main : x value AFTER  :                                                  111111111111111
2023-03-04 01:28:02.554 - Main : numBits BEFORE : 48
2023-03-04 01:28:02.555 - Main : numBits AFTER  : 49
2023-03-04 01:28:02.556 - Main : x value BEFORE :                                                  111111111111111
2023-03-04 01:28:02.558 - Main : x value AFTER  :                                                   11111111111111
2023-03-04 01:28:02.559 - Main : numBits BEFORE : 49
2023-03-04 01:28:02.561 - Main : numBits AFTER  : 50
2023-03-04 01:28:02.562 - Main : x value BEFORE :                                                   11111111111111
2023-03-04 01:28:02.563 - Main : x value AFTER  :                                                    1111111111111
2023-03-04 01:28:02.565 - Main : numBits BEFORE : 50
2023-03-04 01:28:02.566 - Main : numBits AFTER  : 51
2023-03-04 01:28:02.567 - Main : x value BEFORE :                                                    1111111111111
2023-03-04 01:28:02.568 - Main : x value AFTER  :                                                     111111111111
2023-03-04 01:28:02.569 - Main : numBits BEFORE : 51
2023-03-04 01:28:02.570 - Main : numBits AFTER  : 52
2023-03-04 01:28:02.572 - Main : x value BEFORE :                                                     111111111111
2023-03-04 01:28:02.573 - Main : x value AFTER  :                                                      11111111111
2023-03-04 01:28:02.574 - Main : numBits BEFORE : 52
2023-03-04 01:28:02.577 - Main : numBits AFTER  : 53
2023-03-04 01:28:02.578 - Main : x value BEFORE :                                                      11111111111
2023-03-04 01:28:02.579 - Main : x value AFTER  :                                                       1111111111
2023-03-04 01:28:02.581 - Main : numBits BEFORE : 53
2023-03-04 01:28:02.582 - Main : numBits AFTER  : 54
2023-03-04 01:28:02.583 - Main : x value BEFORE :                                                       1111111111
2023-03-04 01:28:02.584 - Main : x value AFTER  :                                                        111111111
2023-03-04 01:28:02.586 - Main : numBits BEFORE : 54
2023-03-04 01:28:02.587 - Main : numBits AFTER  : 55
2023-03-04 01:28:02.588 - Main : x value BEFORE :                                                        111111111
2023-03-04 01:28:02.589 - Main : x value AFTER  :                                                         11111111
2023-03-04 01:28:02.590 - Main : numBits BEFORE : 55
2023-03-04 01:28:02.591 - Main : numBits AFTER  : 56
2023-03-04 01:28:02.593 - Main : x value BEFORE :                                                         11111111
2023-03-04 01:28:02.594 - Main : x value AFTER  :                                                          1111111
2023-03-04 01:28:02.595 - Main : numBits BEFORE : 56
2023-03-04 01:28:02.596 - Main : numBits AFTER  : 57
2023-03-04 01:28:02.597 - Main : x value BEFORE :                                                          1111111
2023-03-04 01:28:02.599 - Main : x value AFTER  :                                                           111111
2023-03-04 01:28:02.601 - Main : numBits BEFORE : 57
2023-03-04 01:28:02.602 - Main : numBits AFTER  : 58
2023-03-04 01:28:02.603 - Main : x value BEFORE :                                                           111111
2023-03-04 01:28:02.604 - Main : x value AFTER  :                                                            11111
2023-03-04 01:28:02.605 - Main : numBits BEFORE : 58
2023-03-04 01:28:02.606 - Main : numBits AFTER  : 59
2023-03-04 01:28:02.607 - Main : x value BEFORE :                                                            11111
2023-03-04 01:28:02.609 - Main : x value AFTER  :                                                             1111
2023-03-04 01:28:02.611 - Main : numBits BEFORE : 59
2023-03-04 01:28:02.612 - Main : numBits AFTER  : 60
2023-03-04 01:28:02.613 - Main : x value BEFORE :                                                             1111
2023-03-04 01:28:02.614 - Main : x value AFTER  :                                                              111
2023-03-04 01:28:02.615 - Main : numBits BEFORE : 60
2023-03-04 01:28:02.616 - Main : numBits AFTER  : 61
2023-03-04 01:28:02.617 - Main : x value BEFORE :                                                              111
2023-03-04 01:28:02.618 - Main : x value AFTER  :                                                               11
2023-03-04 01:28:02.619 - Main : numBits BEFORE : 61
2023-03-04 01:28:02.620 - Main : numBits AFTER  : 62
2023-03-04 01:28:02.621 - Main : x value BEFORE :                                                               11
2023-03-04 01:28:02.622 - Main : x value AFTER  :                                                                1
2023-03-04 01:28:02.623 - Main : numBits BEFORE : 62
2023-03-04 01:28:02.624 - Main : numBits AFTER  : 63
2023-03-04 01:28:02.627 - Main : x value BEFORE :                                                                1
2023-03-04 01:28:02.629 - Main : x value AFTER  :                                                                0
2023-03-04 01:28:02.630 - Main : End of while : numBits IS : 63
2023-03-04 01:28:02.632 - Main : Method Result : 63
2023-03-04 01:28:34.768 - Main : START OF countBits(922337236854775807)
2023-03-04 01:28:34.771 - Main : numBits BEFORE : 0
2023-03-04 01:28:34.772 - Main : numBits AFTER  : 1
2023-03-04 01:28:34.774 - Main : x value BEFORE :     110011001100110011001101010010000101110110000001111111111111
2023-03-04 01:28:34.775 - Main : x value AFTER  :      11001100110011001100110101001000010111011000000111111111111
2023-03-04 01:28:34.776 - Main : numBits BEFORE : 1
2023-03-04 01:28:34.778 - Main : numBits AFTER  : 2
2023-03-04 01:28:34.780 - Main : x value BEFORE :      11001100110011001100110101001000010111011000000111111111111
2023-03-04 01:28:34.782 - Main : x value AFTER  :       1100110011001100110011010100100001011101100000011111111111
2023-03-04 01:28:34.784 - Main : numBits BEFORE : 2
2023-03-04 01:28:34.786 - Main : numBits AFTER  : 3
2023-03-04 01:28:34.788 - Main : x value BEFORE :       1100110011001100110011010100100001011101100000011111111111
2023-03-04 01:28:34.790 - Main : x value AFTER  :        110011001100110011001101010010000101110110000001111111111
2023-03-04 01:28:34.792 - Main : numBits BEFORE : 3
2023-03-04 01:28:34.794 - Main : numBits AFTER  : 4
2023-03-04 01:28:34.796 - Main : x value BEFORE :        110011001100110011001101010010000101110110000001111111111
2023-03-04 01:28:34.798 - Main : x value AFTER  :         11001100110011001100110101001000010111011000000111111111
2023-03-04 01:28:34.800 - Main : numBits BEFORE : 4
2023-03-04 01:28:34.801 - Main : numBits AFTER  : 5
2023-03-04 01:28:34.803 - Main : x value BEFORE :         11001100110011001100110101001000010111011000000111111111
2023-03-04 01:28:34.804 - Main : x value AFTER  :          1100110011001100110011010100100001011101100000011111111
2023-03-04 01:28:34.806 - Main : numBits BEFORE : 5
2023-03-04 01:28:34.807 - Main : numBits AFTER  : 6
2023-03-04 01:28:34.808 - Main : x value BEFORE :          1100110011001100110011010100100001011101100000011111111
2023-03-04 01:28:34.810 - Main : x value AFTER  :           110011001100110011001101010010000101110110000001111111
2023-03-04 01:28:34.812 - Main : numBits BEFORE : 6
2023-03-04 01:28:34.814 - Main : numBits AFTER  : 7
2023-03-04 01:28:34.816 - Main : x value BEFORE :           110011001100110011001101010010000101110110000001111111
2023-03-04 01:28:34.818 - Main : x value AFTER  :            11001100110011001100110101001000010111011000000111111
2023-03-04 01:28:34.819 - Main : numBits BEFORE : 7
2023-03-04 01:28:34.821 - Main : numBits AFTER  : 8
2023-03-04 01:28:34.823 - Main : x value BEFORE :            11001100110011001100110101001000010111011000000111111
2023-03-04 01:28:34.824 - Main : x value AFTER  :             1100110011001100110011010100100001011101100000011111
2023-03-04 01:28:34.826 - Main : numBits BEFORE : 8
2023-03-04 01:28:34.828 - Main : numBits AFTER  : 9
2023-03-04 01:28:34.829 - Main : x value BEFORE :             1100110011001100110011010100100001011101100000011111
2023-03-04 01:28:34.831 - Main : x value AFTER  :              110011001100110011001101010010000101110110000001111
2023-03-04 01:28:34.833 - Main : numBits BEFORE : 9
2023-03-04 01:28:34.834 - Main : numBits AFTER  : 10
2023-03-04 01:28:34.835 - Main : x value BEFORE :              110011001100110011001101010010000101110110000001111
2023-03-04 01:28:34.836 - Main : x value AFTER  :               11001100110011001100110101001000010111011000000111
2023-03-04 01:28:34.837 - Main : numBits BEFORE : 10
2023-03-04 01:28:34.840 - Main : numBits AFTER  : 11
2023-03-04 01:28:34.841 - Main : x value BEFORE :               11001100110011001100110101001000010111011000000111
2023-03-04 01:28:34.842 - Main : x value AFTER  :                1100110011001100110011010100100001011101100000011
2023-03-04 01:28:34.843 - Main : numBits BEFORE : 11
2023-03-04 01:28:34.845 - Main : numBits AFTER  : 12
2023-03-04 01:28:34.847 - Main : x value BEFORE :                1100110011001100110011010100100001011101100000011
2023-03-04 01:28:34.849 - Main : x value AFTER  :                 110011001100110011001101010010000101110110000001
2023-03-04 01:28:34.850 - Main : numBits BEFORE : 12
2023-03-04 01:28:34.851 - Main : numBits AFTER  : 13
2023-03-04 01:28:34.852 - Main : x value BEFORE :                 110011001100110011001101010010000101110110000001
2023-03-04 01:28:34.853 - Main : x value AFTER  :                  11001100110011001100110101001000010111011000000
2023-03-04 01:28:34.854 - Main : numBits BEFORE : 13
2023-03-04 01:28:34.856 - Main : numBits AFTER  : 13
2023-03-04 01:28:34.858 - Main : x value BEFORE :                  11001100110011001100110101001000010111011000000
2023-03-04 01:28:34.860 - Main : x value AFTER  :                   1100110011001100110011010100100001011101100000
2023-03-04 01:28:34.861 - Main : numBits BEFORE : 13
2023-03-04 01:28:34.862 - Main : numBits AFTER  : 13
2023-03-04 01:28:34.863 - Main : x value BEFORE :                   1100110011001100110011010100100001011101100000
2023-03-04 01:28:34.864 - Main : x value AFTER  :                    110011001100110011001101010010000101110110000
2023-03-04 01:28:34.866 - Main : numBits BEFORE : 13
2023-03-04 01:28:34.867 - Main : numBits AFTER  : 13
2023-03-04 01:28:34.868 - Main : x value BEFORE :                    110011001100110011001101010010000101110110000
2023-03-04 01:28:34.870 - Main : x value AFTER  :                     11001100110011001100110101001000010111011000
2023-03-04 01:28:34.871 - Main : numBits BEFORE : 13
2023-03-04 01:28:34.872 - Main : numBits AFTER  : 13
2023-03-04 01:28:34.873 - Main : x value BEFORE :                     11001100110011001100110101001000010111011000
2023-03-04 01:28:34.874 - Main : x value AFTER  :                      1100110011001100110011010100100001011101100
2023-03-04 01:28:34.875 - Main : numBits BEFORE : 13
2023-03-04 01:28:34.876 - Main : numBits AFTER  : 13
2023-03-04 01:28:34.877 - Main : x value BEFORE :                      1100110011001100110011010100100001011101100
2023-03-04 01:28:34.878 - Main : x value AFTER  :                       110011001100110011001101010010000101110110
2023-03-04 01:28:34.879 - Main : numBits BEFORE : 13
2023-03-04 01:28:34.880 - Main : numBits AFTER  : 13
2023-03-04 01:28:34.881 - Main : x value BEFORE :                       110011001100110011001101010010000101110110
2023-03-04 01:28:34.882 - Main : x value AFTER  :                        11001100110011001100110101001000010111011
2023-03-04 01:28:34.883 - Main : numBits BEFORE : 13
2023-03-04 01:28:34.885 - Main : numBits AFTER  : 14
2023-03-04 01:28:34.886 - Main : x value BEFORE :                        11001100110011001100110101001000010111011
2023-03-04 01:28:34.887 - Main : x value AFTER  :                         1100110011001100110011010100100001011101
2023-03-04 01:28:34.888 - Main : numBits BEFORE : 14
2023-03-04 01:28:34.889 - Main : numBits AFTER  : 15
2023-03-04 01:28:34.891 - Main : x value BEFORE :                         1100110011001100110011010100100001011101
2023-03-04 01:28:34.892 - Main : x value AFTER  :                          110011001100110011001101010010000101110
2023-03-04 01:28:34.893 - Main : numBits BEFORE : 15
2023-03-04 01:28:34.894 - Main : numBits AFTER  : 15
2023-03-04 01:28:34.895 - Main : x value BEFORE :                          110011001100110011001101010010000101110
2023-03-04 01:28:34.896 - Main : x value AFTER  :                           11001100110011001100110101001000010111
2023-03-04 01:28:34.897 - Main : numBits BEFORE : 15
2023-03-04 01:28:34.898 - Main : numBits AFTER  : 16
2023-03-04 01:28:34.900 - Main : x value BEFORE :                           11001100110011001100110101001000010111
2023-03-04 01:28:34.901 - Main : x value AFTER  :                            1100110011001100110011010100100001011
2023-03-04 01:28:34.903 - Main : numBits BEFORE : 16
2023-03-04 01:28:34.904 - Main : numBits AFTER  : 17
2023-03-04 01:28:34.905 - Main : x value BEFORE :                            1100110011001100110011010100100001011
2023-03-04 01:28:34.906 - Main : x value AFTER  :                             110011001100110011001101010010000101
2023-03-04 01:28:34.907 - Main : numBits BEFORE : 17
2023-03-04 01:28:34.908 - Main : numBits AFTER  : 18
2023-03-04 01:28:34.910 - Main : x value BEFORE :                             110011001100110011001101010010000101
2023-03-04 01:28:34.911 - Main : x value AFTER  :                              11001100110011001100110101001000010
2023-03-04 01:28:34.912 - Main : numBits BEFORE : 18
2023-03-04 01:28:34.913 - Main : numBits AFTER  : 18
2023-03-04 01:28:34.915 - Main : x value BEFORE :                              11001100110011001100110101001000010
2023-03-04 01:28:34.916 - Main : x value AFTER  :                               1100110011001100110011010100100001
2023-03-04 01:28:34.917 - Main : numBits BEFORE : 18
2023-03-04 01:28:34.918 - Main : numBits AFTER  : 19
2023-03-04 01:28:34.919 - Main : x value BEFORE :                               1100110011001100110011010100100001
2023-03-04 01:28:34.920 - Main : x value AFTER  :                                110011001100110011001101010010000
2023-03-04 01:28:34.921 - Main : numBits BEFORE : 19
2023-03-04 01:28:34.922 - Main : numBits AFTER  : 19
2023-03-04 01:28:34.923 - Main : x value BEFORE :                                110011001100110011001101010010000
2023-03-04 01:28:34.924 - Main : x value AFTER  :                                 11001100110011001100110101001000
2023-03-04 01:28:34.925 - Main : numBits BEFORE : 19
2023-03-04 01:28:34.926 - Main : numBits AFTER  : 19
2023-03-04 01:28:34.927 - Main : x value BEFORE :                                 11001100110011001100110101001000
2023-03-04 01:28:34.928 - Main : x value AFTER  :                                  1100110011001100110011010100100
2023-03-04 01:28:34.929 - Main : numBits BEFORE : 19
2023-03-04 01:28:34.930 - Main : numBits AFTER  : 19
2023-03-04 01:28:34.931 - Main : x value BEFORE :                                  1100110011001100110011010100100
2023-03-04 01:28:34.932 - Main : x value AFTER  :                                   110011001100110011001101010010
2023-03-04 01:28:34.933 - Main : numBits BEFORE : 19
2023-03-04 01:28:34.934 - Main : numBits AFTER  : 19
2023-03-04 01:28:34.935 - Main : x value BEFORE :                                   110011001100110011001101010010
2023-03-04 01:28:34.936 - Main : x value AFTER  :                                    11001100110011001100110101001
2023-03-04 01:28:34.937 - Main : numBits BEFORE : 19
2023-03-04 01:28:34.938 - Main : numBits AFTER  : 20
2023-03-04 01:28:34.939 - Main : x value BEFORE :                                    11001100110011001100110101001
2023-03-04 01:28:34.941 - Main : x value AFTER  :                                     1100110011001100110011010100
2023-03-04 01:28:34.942 - Main : numBits BEFORE : 20
2023-03-04 01:28:34.944 - Main : numBits AFTER  : 20
2023-03-04 01:28:34.945 - Main : x value BEFORE :                                     1100110011001100110011010100
2023-03-04 01:28:34.946 - Main : x value AFTER  :                                      110011001100110011001101010
2023-03-04 01:28:34.947 - Main : numBits BEFORE : 20
2023-03-04 01:28:34.948 - Main : numBits AFTER  : 20
2023-03-04 01:28:34.949 - Main : x value BEFORE :                                      110011001100110011001101010
2023-03-04 01:28:34.951 - Main : x value AFTER  :                                       11001100110011001100110101
2023-03-04 01:28:34.952 - Main : numBits BEFORE : 20
2023-03-04 01:28:34.953 - Main : numBits AFTER  : 21
2023-03-04 01:28:34.954 - Main : x value BEFORE :                                       11001100110011001100110101
2023-03-04 01:28:34.955 - Main : x value AFTER  :                                        1100110011001100110011010
2023-03-04 01:28:34.956 - Main : numBits BEFORE : 21
2023-03-04 01:28:34.957 - Main : numBits AFTER  : 21
2023-03-04 01:28:34.957 - Main : x value BEFORE :                                        1100110011001100110011010
2023-03-04 01:28:34.958 - Main : x value AFTER  :                                         110011001100110011001101
2023-03-04 01:28:34.960 - Main : numBits BEFORE : 21
2023-03-04 01:28:34.961 - Main : numBits AFTER  : 22
2023-03-04 01:28:34.962 - Main : x value BEFORE :                                         110011001100110011001101
2023-03-04 01:28:34.963 - Main : x value AFTER  :                                          11001100110011001100110
2023-03-04 01:28:34.964 - Main : numBits BEFORE : 22
2023-03-04 01:28:34.965 - Main : numBits AFTER  : 22
2023-03-04 01:28:34.966 - Main : x value BEFORE :                                          11001100110011001100110
2023-03-04 01:28:34.967 - Main : x value AFTER  :                                           1100110011001100110011
2023-03-04 01:28:34.968 - Main : numBits BEFORE : 22
2023-03-04 01:28:34.968 - Main : numBits AFTER  : 23
2023-03-04 01:28:34.969 - Main : x value BEFORE :                                           1100110011001100110011
2023-03-04 01:28:34.970 - Main : x value AFTER  :                                            110011001100110011001
2023-03-04 01:28:34.971 - Main : numBits BEFORE : 23
2023-03-04 01:28:34.972 - Main : numBits AFTER  : 24
2023-03-04 01:28:34.973 - Main : x value BEFORE :                                            110011001100110011001
2023-03-04 01:28:34.974 - Main : x value AFTER  :                                             11001100110011001100
2023-03-04 01:28:34.975 - Main : numBits BEFORE : 24
2023-03-04 01:28:34.976 - Main : numBits AFTER  : 24
2023-03-04 01:28:34.977 - Main : x value BEFORE :                                             11001100110011001100
2023-03-04 01:28:34.978 - Main : x value AFTER  :                                              1100110011001100110
2023-03-04 01:28:34.979 - Main : numBits BEFORE : 24
2023-03-04 01:28:34.980 - Main : numBits AFTER  : 24
2023-03-04 01:28:34.981 - Main : x value BEFORE :                                              1100110011001100110
2023-03-04 01:28:34.982 - Main : x value AFTER  :                                               110011001100110011
2023-03-04 01:28:34.983 - Main : numBits BEFORE : 24
2023-03-04 01:28:34.984 - Main : numBits AFTER  : 25
2023-03-04 01:28:34.985 - Main : x value BEFORE :                                               110011001100110011
2023-03-04 01:28:34.986 - Main : x value AFTER  :                                                11001100110011001
2023-03-04 01:28:34.987 - Main : numBits BEFORE : 25
2023-03-04 01:28:34.988 - Main : numBits AFTER  : 26
2023-03-04 01:28:34.990 - Main : x value BEFORE :                                                11001100110011001
2023-03-04 01:28:34.991 - Main : x value AFTER  :                                                 1100110011001100
2023-03-04 01:28:34.992 - Main : numBits BEFORE : 26
2023-03-04 01:28:34.993 - Main : numBits AFTER  : 26
2023-03-04 01:28:34.994 - Main : x value BEFORE :                                                 1100110011001100
2023-03-04 01:28:34.995 - Main : x value AFTER  :                                                  110011001100110
2023-03-04 01:28:34.996 - Main : numBits BEFORE : 26
2023-03-04 01:28:34.998 - Main : numBits AFTER  : 26
2023-03-04 01:28:34.999 - Main : x value BEFORE :                                                  110011001100110
2023-03-04 01:28:35.000 - Main : x value AFTER  :                                                   11001100110011
2023-03-04 01:28:35.001 - Main : numBits BEFORE : 26
2023-03-04 01:28:35.002 - Main : numBits AFTER  : 27
2023-03-04 01:28:35.003 - Main : x value BEFORE :                                                   11001100110011
2023-03-04 01:28:35.005 - Main : x value AFTER  :                                                    1100110011001
2023-03-04 01:28:35.006 - Main : numBits BEFORE : 27
2023-03-04 01:28:35.007 - Main : numBits AFTER  : 28
2023-03-04 01:28:35.009 - Main : x value BEFORE :                                                    1100110011001
2023-03-04 01:28:35.010 - Main : x value AFTER  :                                                     110011001100
2023-03-04 01:28:35.012 - Main : numBits BEFORE : 28
2023-03-04 01:28:35.013 - Main : numBits AFTER  : 28
2023-03-04 01:28:35.014 - Main : x value BEFORE :                                                     110011001100
2023-03-04 01:28:35.016 - Main : x value AFTER  :                                                      11001100110
2023-03-04 01:28:35.018 - Main : numBits BEFORE : 28
2023-03-04 01:28:35.019 - Main : numBits AFTER  : 28
2023-03-04 01:28:35.020 - Main : x value BEFORE :                                                      11001100110
2023-03-04 01:28:35.022 - Main : x value AFTER  :                                                       1100110011
2023-03-04 01:28:35.023 - Main : numBits BEFORE : 28
2023-03-04 01:28:35.024 - Main : numBits AFTER  : 29
2023-03-04 01:28:35.025 - Main : x value BEFORE :                                                       1100110011
2023-03-04 01:28:35.026 - Main : x value AFTER  :                                                        110011001
2023-03-04 01:28:35.027 - Main : numBits BEFORE : 29
2023-03-04 01:28:35.029 - Main : numBits AFTER  : 30
2023-03-04 01:28:35.030 - Main : x value BEFORE :                                                        110011001
2023-03-04 01:28:35.032 - Main : x value AFTER  :                                                         11001100
2023-03-04 01:28:35.035 - Main : numBits BEFORE : 30
2023-03-04 01:28:35.036 - Main : numBits AFTER  : 30
2023-03-04 01:28:35.038 - Main : x value BEFORE :                                                         11001100
2023-03-04 01:28:35.039 - Main : x value AFTER  :                                                          1100110
2023-03-04 01:28:35.041 - Main : numBits BEFORE : 30
2023-03-04 01:28:35.042 - Main : numBits AFTER  : 30
2023-03-04 01:28:35.044 - Main : x value BEFORE :                                                          1100110
2023-03-04 01:28:35.045 - Main : x value AFTER  :                                                           110011
2023-03-04 01:28:35.046 - Main : numBits BEFORE : 30
2023-03-04 01:28:35.048 - Main : numBits AFTER  : 31
2023-03-04 01:28:35.050 - Main : x value BEFORE :                                                           110011
2023-03-04 01:28:35.052 - Main : x value AFTER  :                                                            11001
2023-03-04 01:28:35.053 - Main : numBits BEFORE : 31
2023-03-04 01:28:35.054 - Main : numBits AFTER  : 32
2023-03-04 01:28:35.056 - Main : x value BEFORE :                                                            11001
2023-03-04 01:28:35.057 - Main : x value AFTER  :                                                             1100
2023-03-04 01:28:35.058 - Main : numBits BEFORE : 32
2023-03-04 01:28:35.059 - Main : numBits AFTER  : 32
2023-03-04 01:28:35.060 - Main : x value BEFORE :                                                             1100
2023-03-04 01:28:35.061 - Main : x value AFTER  :                                                              110
2023-03-04 01:28:35.063 - Main : numBits BEFORE : 32
2023-03-04 01:28:35.065 - Main : numBits AFTER  : 32
2023-03-04 01:28:35.066 - Main : x value BEFORE :                                                              110
2023-03-04 01:28:35.068 - Main : x value AFTER  :                                                               11
2023-03-04 01:28:35.069 - Main : numBits BEFORE : 32
2023-03-04 01:28:35.070 - Main : numBits AFTER  : 33
2023-03-04 01:28:35.071 - Main : x value BEFORE :                                                               11
2023-03-04 01:28:35.072 - Main : x value AFTER  :                                                                1
2023-03-04 01:28:35.073 - Main : numBits BEFORE : 33
2023-03-04 01:28:35.074 - Main : numBits AFTER  : 34
2023-03-04 01:28:35.075 - Main : x value BEFORE :                                                                1
2023-03-04 01:28:35.076 - Main : x value AFTER  :                                                                0
2023-03-04 01:28:35.077 - Main : End of while : numBits IS : 34
2023-03-04 01:28:35.077 - Main : Method Result : 34
2023-03-04 01:44:23.814 - Main : START OF countBits(922337236854775807)
2023-03-04 01:44:23.816 - Main : numBits BEFORE : 0
2023-03-04 01:44:23.818 - Main : numBits AFTER  : 1
2023-03-04 01:44:23.820 - Main : x value BEFORE :     110011001100110011001101010010000101110110000001111111111111
2023-03-04 01:44:23.822 - Main : x value AFTER  :      11001100110011001100110101001000010111011000000111111111111
2023-03-04 01:44:23.823 - Main : numBits BEFORE : 1
2023-03-04 01:44:23.824 - Main : numBits AFTER  : 2
2023-03-04 01:44:23.826 - Main : x value BEFORE :      11001100110011001100110101001000010111011000000111111111111
2023-03-04 01:44:23.827 - Main : x value AFTER  :       1100110011001100110011010100100001011101100000011111111111
2023-03-04 01:44:23.828 - Main : numBits BEFORE : 2
2023-03-04 01:44:23.830 - Main : numBits AFTER  : 3
2023-03-04 01:44:23.831 - Main : x value BEFORE :       1100110011001100110011010100100001011101100000011111111111
2023-03-04 01:44:23.832 - Main : x value AFTER  :        110011001100110011001101010010000101110110000001111111111
2023-03-04 01:44:23.834 - Main : numBits BEFORE : 3
2023-03-04 01:44:23.836 - Main : numBits AFTER  : 4
2023-03-04 01:44:23.837 - Main : x value BEFORE :        110011001100110011001101010010000101110110000001111111111
2023-03-04 01:44:23.839 - Main : x value AFTER  :         11001100110011001100110101001000010111011000000111111111
2023-03-04 01:44:23.841 - Main : numBits BEFORE : 4
2023-03-04 01:44:23.843 - Main : numBits AFTER  : 5
2023-03-04 01:44:23.844 - Main : x value BEFORE :         11001100110011001100110101001000010111011000000111111111
2023-03-04 01:44:23.846 - Main : x value AFTER  :          1100110011001100110011010100100001011101100000011111111
2023-03-04 01:44:23.847 - Main : numBits BEFORE : 5
2023-03-04 01:44:23.849 - Main : numBits AFTER  : 6
2023-03-04 01:44:23.851 - Main : x value BEFORE :          1100110011001100110011010100100001011101100000011111111
2023-03-04 01:44:23.853 - Main : x value AFTER  :           110011001100110011001101010010000101110110000001111111
2023-03-04 01:44:23.856 - Main : numBits BEFORE : 6
2023-03-04 01:44:23.858 - Main : numBits AFTER  : 7
2023-03-04 01:44:23.860 - Main : x value BEFORE :           110011001100110011001101010010000101110110000001111111
2023-03-04 01:44:23.861 - Main : x value AFTER  :            11001100110011001100110101001000010111011000000111111
2023-03-04 01:44:23.863 - Main : numBits BEFORE : 7
2023-03-04 01:44:23.865 - Main : numBits AFTER  : 8
2023-03-04 01:44:23.866 - Main : x value BEFORE :            11001100110011001100110101001000010111011000000111111
2023-03-04 01:44:23.868 - Main : x value AFTER  :             1100110011001100110011010100100001011101100000011111
2023-03-04 01:44:23.871 - Main : numBits BEFORE : 8
2023-03-04 01:44:23.873 - Main : numBits AFTER  : 9
2023-03-04 01:44:23.874 - Main : x value BEFORE :             1100110011001100110011010100100001011101100000011111
2023-03-04 01:44:23.876 - Main : x value AFTER  :              110011001100110011001101010010000101110110000001111
2023-03-04 01:44:23.877 - Main : numBits BEFORE : 9
2023-03-04 01:44:23.877 - Main : numBits AFTER  : 10
2023-03-04 01:44:23.879 - Main : x value BEFORE :              110011001100110011001101010010000101110110000001111
2023-03-04 01:44:23.880 - Main : x value AFTER  :               11001100110011001100110101001000010111011000000111
2023-03-04 01:44:23.881 - Main : numBits BEFORE : 10
2023-03-04 01:44:23.883 - Main : numBits AFTER  : 11
2023-03-04 01:44:23.884 - Main : x value BEFORE :               11001100110011001100110101001000010111011000000111
2023-03-04 01:44:23.886 - Main : x value AFTER  :                1100110011001100110011010100100001011101100000011
2023-03-04 01:44:23.888 - Main : numBits BEFORE : 11
2023-03-04 01:44:23.889 - Main : numBits AFTER  : 12
2023-03-04 01:44:23.891 - Main : x value BEFORE :                1100110011001100110011010100100001011101100000011
2023-03-04 01:44:23.892 - Main : x value AFTER  :                 110011001100110011001101010010000101110110000001
2023-03-04 01:44:23.893 - Main : numBits BEFORE : 12
2023-03-04 01:44:23.894 - Main : numBits AFTER  : 13
2023-03-04 01:44:23.896 - Main : x value BEFORE :                 110011001100110011001101010010000101110110000001
2023-03-04 01:44:23.897 - Main : x value AFTER  :                  11001100110011001100110101001000010111011000000
2023-03-04 01:44:23.898 - Main : numBits BEFORE : 13
2023-03-04 01:44:23.900 - Main : numBits AFTER  : 13
2023-03-04 01:44:23.901 - Main : x value BEFORE :                  11001100110011001100110101001000010111011000000
2023-03-04 01:44:23.903 - Main : x value AFTER  :                   1100110011001100110011010100100001011101100000
2023-03-04 01:44:23.904 - Main : numBits BEFORE : 13
2023-03-04 01:44:23.905 - Main : numBits AFTER  : 13
2023-03-04 01:44:23.906 - Main : x value BEFORE :                   1100110011001100110011010100100001011101100000
2023-03-04 01:44:23.907 - Main : x value AFTER  :                    110011001100110011001101010010000101110110000
2023-03-04 01:44:23.908 - Main : numBits BEFORE : 13
2023-03-04 01:44:23.909 - Main : numBits AFTER  : 13
2023-03-04 01:44:23.910 - Main : x value BEFORE :                    110011001100110011001101010010000101110110000
2023-03-04 01:44:23.911 - Main : x value AFTER  :                     11001100110011001100110101001000010111011000
2023-03-04 01:44:23.913 - Main : numBits BEFORE : 13
2023-03-04 01:44:23.914 - Main : numBits AFTER  : 13
2023-03-04 01:44:23.915 - Main : x value BEFORE :                     11001100110011001100110101001000010111011000
2023-03-04 01:44:23.916 - Main : x value AFTER  :                      1100110011001100110011010100100001011101100
2023-03-04 01:44:23.918 - Main : numBits BEFORE : 13
2023-03-04 01:44:23.919 - Main : numBits AFTER  : 13
2023-03-04 01:44:23.920 - Main : x value BEFORE :                      1100110011001100110011010100100001011101100
2023-03-04 01:44:23.921 - Main : x value AFTER  :                       110011001100110011001101010010000101110110
2023-03-04 01:44:23.923 - Main : numBits BEFORE : 13
2023-03-04 01:44:23.924 - Main : numBits AFTER  : 13
2023-03-04 01:44:23.925 - Main : x value BEFORE :                       110011001100110011001101010010000101110110
2023-03-04 01:44:23.926 - Main : x value AFTER  :                        11001100110011001100110101001000010111011
2023-03-04 01:44:23.927 - Main : numBits BEFORE : 13
2023-03-04 01:44:23.928 - Main : numBits AFTER  : 14
2023-03-04 01:44:23.929 - Main : x value BEFORE :                        11001100110011001100110101001000010111011
2023-03-04 01:44:23.930 - Main : x value AFTER  :                         1100110011001100110011010100100001011101
2023-03-04 01:44:23.932 - Main : numBits BEFORE : 14
2023-03-04 01:44:23.933 - Main : numBits AFTER  : 15
2023-03-04 01:44:23.934 - Main : x value BEFORE :                         1100110011001100110011010100100001011101
2023-03-04 01:44:23.935 - Main : x value AFTER  :                          110011001100110011001101010010000101110
2023-03-04 01:44:23.937 - Main : numBits BEFORE : 15
2023-03-04 01:44:23.938 - Main : numBits AFTER  : 15
2023-03-04 01:44:23.939 - Main : x value BEFORE :                          110011001100110011001101010010000101110
2023-03-04 01:44:23.940 - Main : x value AFTER  :                           11001100110011001100110101001000010111
2023-03-04 01:44:23.942 - Main : numBits BEFORE : 15
2023-03-04 01:44:23.943 - Main : numBits AFTER  : 16
2023-03-04 01:44:23.944 - Main : x value BEFORE :                           11001100110011001100110101001000010111
2023-03-04 01:44:23.944 - Main : x value AFTER  :                            1100110011001100110011010100100001011
2023-03-04 01:44:23.946 - Main : numBits BEFORE : 16
2023-03-04 01:44:23.947 - Main : numBits AFTER  : 17
2023-03-04 01:44:23.948 - Main : x value BEFORE :                            1100110011001100110011010100100001011
2023-03-04 01:44:23.949 - Main : x value AFTER  :                             110011001100110011001101010010000101
2023-03-04 01:44:23.950 - Main : numBits BEFORE : 17
2023-03-04 01:44:23.951 - Main : numBits AFTER  : 18
2023-03-04 01:44:23.953 - Main : x value BEFORE :                             110011001100110011001101010010000101
2023-03-04 01:44:23.954 - Main : x value AFTER  :                              11001100110011001100110101001000010
2023-03-04 01:44:23.955 - Main : numBits BEFORE : 18
2023-03-04 01:44:23.957 - Main : numBits AFTER  : 18
2023-03-04 01:44:23.958 - Main : x value BEFORE :                              11001100110011001100110101001000010
2023-03-04 01:44:23.959 - Main : x value AFTER  :                               1100110011001100110011010100100001
2023-03-04 01:44:23.960 - Main : numBits BEFORE : 18
2023-03-04 01:44:23.961 - Main : numBits AFTER  : 19
2023-03-04 01:44:23.962 - Main : x value BEFORE :                               1100110011001100110011010100100001
2023-03-04 01:44:23.963 - Main : x value AFTER  :                                110011001100110011001101010010000
2023-03-04 01:44:23.964 - Main : numBits BEFORE : 19
2023-03-04 01:44:23.965 - Main : numBits AFTER  : 19
2023-03-04 01:44:23.966 - Main : x value BEFORE :                                110011001100110011001101010010000
2023-03-04 01:44:23.967 - Main : x value AFTER  :                                 11001100110011001100110101001000
2023-03-04 01:44:23.968 - Main : numBits BEFORE : 19
2023-03-04 01:44:23.969 - Main : numBits AFTER  : 19
2023-03-04 01:44:23.970 - Main : x value BEFORE :                                 11001100110011001100110101001000
2023-03-04 01:44:23.971 - Main : x value AFTER  :                                  1100110011001100110011010100100
2023-03-04 01:44:23.972 - Main : numBits BEFORE : 19
2023-03-04 01:44:23.973 - Main : numBits AFTER  : 19
2023-03-04 01:44:23.974 - Main : x value BEFORE :                                  1100110011001100110011010100100
2023-03-04 01:44:23.975 - Main : x value AFTER  :                                   110011001100110011001101010010
2023-03-04 01:44:23.977 - Main : numBits BEFORE : 19
2023-03-04 01:44:23.978 - Main : numBits AFTER  : 19
2023-03-04 01:44:23.980 - Main : x value BEFORE :                                   110011001100110011001101010010
2023-03-04 01:44:23.981 - Main : x value AFTER  :                                    11001100110011001100110101001
2023-03-04 01:44:23.983 - Main : numBits BEFORE : 19
2023-03-04 01:44:23.984 - Main : numBits AFTER  : 20
2023-03-04 01:44:23.985 - Main : x value BEFORE :                                    11001100110011001100110101001
2023-03-04 01:44:23.987 - Main : x value AFTER  :                                     1100110011001100110011010100
2023-03-04 01:44:23.988 - Main : numBits BEFORE : 20
2023-03-04 01:44:23.990 - Main : numBits AFTER  : 20
2023-03-04 01:44:23.991 - Main : x value BEFORE :                                     1100110011001100110011010100
2023-03-04 01:44:23.991 - Main : x value AFTER  :                                      110011001100110011001101010
2023-03-04 01:44:23.992 - Main : numBits BEFORE : 20
2023-03-04 01:44:23.993 - Main : numBits AFTER  : 20
2023-03-04 01:44:23.994 - Main : x value BEFORE :                                      110011001100110011001101010
2023-03-04 01:44:23.995 - Main : x value AFTER  :                                       11001100110011001100110101
2023-03-04 01:44:23.996 - Main : numBits BEFORE : 20
2023-03-04 01:44:23.997 - Main : numBits AFTER  : 21
2023-03-04 01:44:23.998 - Main : x value BEFORE :                                       11001100110011001100110101
2023-03-04 01:44:23.999 - Main : x value AFTER  :                                        1100110011001100110011010
2023-03-04 01:44:24.000 - Main : numBits BEFORE : 21
2023-03-04 01:44:24.001 - Main : numBits AFTER  : 21
2023-03-04 01:44:24.002 - Main : x value BEFORE :                                        1100110011001100110011010
2023-03-04 01:44:24.003 - Main : x value AFTER  :                                         110011001100110011001101
2023-03-04 01:44:24.004 - Main : numBits BEFORE : 21
2023-03-04 01:44:24.005 - Main : numBits AFTER  : 22
2023-03-04 01:44:24.007 - Main : x value BEFORE :                                         110011001100110011001101
2023-03-04 01:44:24.008 - Main : x value AFTER  :                                          11001100110011001100110
2023-03-04 01:44:24.009 - Main : numBits BEFORE : 22
2023-03-04 01:44:24.011 - Main : numBits AFTER  : 22
2023-03-04 01:44:24.012 - Main : x value BEFORE :                                          11001100110011001100110
2023-03-04 01:44:24.013 - Main : x value AFTER  :                                           1100110011001100110011
2023-03-04 01:44:24.014 - Main : numBits BEFORE : 22
2023-03-04 01:44:24.015 - Main : numBits AFTER  : 23
2023-03-04 01:44:24.016 - Main : x value BEFORE :                                           1100110011001100110011
2023-03-04 01:44:24.017 - Main : x value AFTER  :                                            110011001100110011001
2023-03-04 01:44:24.018 - Main : numBits BEFORE : 23
2023-03-04 01:44:24.019 - Main : numBits AFTER  : 24
2023-03-04 01:44:24.021 - Main : x value BEFORE :                                            110011001100110011001
2023-03-04 01:44:24.022 - Main : x value AFTER  :                                             11001100110011001100
2023-03-04 01:44:24.023 - Main : numBits BEFORE : 24
2023-03-04 01:44:24.024 - Main : numBits AFTER  : 24
2023-03-04 01:44:24.025 - Main : x value BEFORE :                                             11001100110011001100
2023-03-04 01:44:24.027 - Main : x value AFTER  :                                              1100110011001100110
2023-03-04 01:44:24.028 - Main : numBits BEFORE : 24
2023-03-04 01:44:24.029 - Main : numBits AFTER  : 24
2023-03-04 01:44:24.030 - Main : x value BEFORE :                                              1100110011001100110
2023-03-04 01:44:24.031 - Main : x value AFTER  :                                               110011001100110011
2023-03-04 01:44:24.032 - Main : numBits BEFORE : 24
2023-03-04 01:44:24.035 - Main : numBits AFTER  : 25
2023-03-04 01:44:24.037 - Main : x value BEFORE :                                               110011001100110011
2023-03-04 01:44:24.039 - Main : x value AFTER  :                                                11001100110011001
2023-03-04 01:44:24.040 - Main : numBits BEFORE : 25
2023-03-04 01:44:24.042 - Main : numBits AFTER  : 26
2023-03-04 01:44:24.043 - Main : x value BEFORE :                                                11001100110011001
2023-03-04 01:44:24.044 - Main : x value AFTER  :                                                 1100110011001100
2023-03-04 01:44:24.045 - Main : numBits BEFORE : 26
2023-03-04 01:44:24.047 - Main : numBits AFTER  : 26
2023-03-04 01:44:24.048 - Main : x value BEFORE :                                                 1100110011001100
2023-03-04 01:44:24.050 - Main : x value AFTER  :                                                  110011001100110
2023-03-04 01:44:24.051 - Main : numBits BEFORE : 26
2023-03-04 01:44:24.052 - Main : numBits AFTER  : 26
2023-03-04 01:44:24.054 - Main : x value BEFORE :                                                  110011001100110
2023-03-04 01:44:24.055 - Main : x value AFTER  :                                                   11001100110011
2023-03-04 01:44:24.056 - Main : numBits BEFORE : 26
2023-03-04 01:44:24.057 - Main : numBits AFTER  : 27
2023-03-04 01:44:24.058 - Main : x value BEFORE :                                                   11001100110011
2023-03-04 01:44:24.059 - Main : x value AFTER  :                                                    1100110011001
2023-03-04 01:44:24.061 - Main : numBits BEFORE : 27
2023-03-04 01:44:24.062 - Main : numBits AFTER  : 28
2023-03-04 01:44:24.064 - Main : x value BEFORE :                                                    1100110011001
2023-03-04 01:44:24.065 - Main : x value AFTER  :                                                     110011001100
2023-03-04 01:44:24.067 - Main : numBits BEFORE : 28
2023-03-04 01:44:24.068 - Main : numBits AFTER  : 28
2023-03-04 01:44:24.070 - Main : x value BEFORE :                                                     110011001100
2023-03-04 01:44:24.071 - Main : x value AFTER  :                                                      11001100110
2023-03-04 01:44:24.072 - Main : numBits BEFORE : 28
2023-03-04 01:44:24.073 - Main : numBits AFTER  : 28
2023-03-04 01:44:24.075 - Main : x value BEFORE :                                                      11001100110
2023-03-04 01:44:24.077 - Main : x value AFTER  :                                                       1100110011
2023-03-04 01:44:24.078 - Main : numBits BEFORE : 28
2023-03-04 01:44:24.079 - Main : numBits AFTER  : 29
2023-03-04 01:44:24.081 - Main : x value BEFORE :                                                       1100110011
2023-03-04 01:44:24.082 - Main : x value AFTER  :                                                        110011001
2023-03-04 01:44:24.083 - Main : numBits BEFORE : 29
2023-03-04 01:44:24.085 - Main : numBits AFTER  : 30
2023-03-04 01:44:24.088 - Main : x value BEFORE :                                                        110011001
2023-03-04 01:44:24.090 - Main : x value AFTER  :                                                         11001100
2023-03-04 01:44:24.091 - Main : numBits BEFORE : 30
2023-03-04 01:44:24.092 - Main : numBits AFTER  : 30
2023-03-04 01:44:24.094 - Main : x value BEFORE :                                                         11001100
2023-03-04 01:44:24.096 - Main : x value AFTER  :                                                          1100110
2023-03-04 01:44:24.098 - Main : numBits BEFORE : 30
2023-03-04 01:44:24.099 - Main : numBits AFTER  : 30
2023-03-04 01:44:24.100 - Main : x value BEFORE :                                                          1100110
2023-03-04 01:44:24.102 - Main : x value AFTER  :                                                           110011
2023-03-04 01:44:24.104 - Main : numBits BEFORE : 30
2023-03-04 01:44:24.106 - Main : numBits AFTER  : 31
2023-03-04 01:44:24.108 - Main : x value BEFORE :                                                           110011
2023-03-04 01:44:24.109 - Main : x value AFTER  :                                                            11001
2023-03-04 01:44:24.110 - Main : numBits BEFORE : 31
2023-03-04 01:44:24.112 - Main : numBits AFTER  : 32
2023-03-04 01:44:24.113 - Main : x value BEFORE :                                                            11001
2023-03-04 01:44:24.114 - Main : x value AFTER  :                                                             1100
2023-03-04 01:44:24.115 - Main : numBits BEFORE : 32
2023-03-04 01:44:24.116 - Main : numBits AFTER  : 32
2023-03-04 01:44:24.117 - Main : x value BEFORE :                                                             1100
2023-03-04 01:44:24.118 - Main : x value AFTER  :                                                              110
2023-03-04 01:44:24.120 - Main : numBits BEFORE : 32
2023-03-04 01:44:24.122 - Main : numBits AFTER  : 32
2023-03-04 01:44:24.122 - Main : x value BEFORE :                                                              110
2023-03-04 01:44:24.123 - Main : x value AFTER  :                                                               11
2023-03-04 01:44:24.124 - Main : numBits BEFORE : 32
2023-03-04 01:44:24.125 - Main : numBits AFTER  : 33
2023-03-04 01:44:24.127 - Main : x value BEFORE :                                                               11
2023-03-04 01:44:24.128 - Main : x value AFTER  :                                                                1
2023-03-04 01:44:24.129 - Main : numBits BEFORE : 33
2023-03-04 01:44:24.131 - Main : numBits AFTER  : 34
2023-03-04 01:44:24.132 - Main : x value BEFORE :                                                                1
2023-03-04 01:44:24.133 - Main : x value AFTER  :                                                                0
2023-03-04 01:44:24.134 - Main : End of while : numBits IS : 34
2023-03-04 01:44:24.135 - Main : Method Result : 34, 34
2023-03-04 08:08:48.480 - Main : Method Result : 2 .vs. 2
2023-03-04 08:09:23.576 - Main : Method Result : 2 .vs. 2
2023-03-04 08:10:46.288 - Main : Method Result : 2 .vs. 2
2023-03-04 08:11:52.732 - Main : START OF countBits(10)
2023-03-04 08:11:52.736 - Main : numBits BEFORE : 0
2023-03-04 08:11:52.738 - Main : numBits AFTER  : 0
2023-03-04 08:11:52.740 - Main : x value BEFORE :                                                             1010
2023-03-04 08:11:52.742 - Main : x value AFTER  :                                                              101
2023-03-04 08:11:52.744 - Main : numBits BEFORE : 0
2023-03-04 08:11:52.746 - Main : numBits AFTER  : 1
2023-03-04 08:11:52.748 - Main : x value BEFORE :                                                              101
2023-03-04 08:11:52.750 - Main : x value AFTER  :                                                               10
2023-03-04 08:11:52.753 - Main : numBits BEFORE : 1
2023-03-04 08:11:52.755 - Main : numBits AFTER  : 1
2023-03-04 08:11:52.758 - Main : x value BEFORE :                                                               10
2023-03-04 08:11:52.760 - Main : x value AFTER  :                                                                1
2023-03-04 08:11:52.762 - Main : numBits BEFORE : 1
2023-03-04 08:11:52.763 - Main : numBits AFTER  : 2
2023-03-04 08:11:52.765 - Main : x value BEFORE :                                                                1
2023-03-04 08:11:52.766 - Main : x value AFTER  :                                                                0
2023-03-04 08:11:52.768 - Main : End of while : numBits IS : 2
2023-03-04 08:11:52.770 - Main : Method Result : 2 .vs. 2
2023-03-04 08:12:46.866 - Main : START OF countBits(10)
2023-03-04 08:12:46.869 - Main : numBits BEFORE : 0
2023-03-04 08:12:46.870 - Main : numBits AFTER  : 0
2023-03-04 08:12:46.872 - Main : x value BEFORE :       1010
2023-03-04 08:12:46.873 - Main : x value AFTER  :        101
2023-03-04 08:12:46.875 - Main : numBits BEFORE : 0
2023-03-04 08:12:46.877 - Main : numBits AFTER  : 1
2023-03-04 08:12:46.878 - Main : x value BEFORE :        101
2023-03-04 08:12:46.880 - Main : x value AFTER  :         10
2023-03-04 08:12:46.881 - Main : numBits BEFORE : 1
2023-03-04 08:12:46.882 - Main : numBits AFTER  : 1
2023-03-04 08:12:46.884 - Main : x value BEFORE :         10
2023-03-04 08:12:46.886 - Main : x value AFTER  :          1
2023-03-04 08:12:46.888 - Main : numBits BEFORE : 1
2023-03-04 08:12:46.889 - Main : numBits AFTER  : 2
2023-03-04 08:12:46.890 - Main : x value BEFORE :          1
2023-03-04 08:12:46.892 - Main : x value AFTER  :          0
2023-03-04 08:12:46.894 - Main : End of while : numBits IS : 2
2023-03-04 08:12:46.895 - Main : Method Result : 2 .vs. 2
2023-03-04 08:16:01.054 - Main : START OF countBits(170)
2023-03-04 08:16:01.057 - Main : numBits BEFORE : 0
2023-03-04 08:16:01.058 - Main : numBits AFTER  : 0
2023-03-04 08:16:01.060 - Main : x value BEFORE :   10101010
2023-03-04 08:16:01.061 - Main : x value AFTER  :    1010101
2023-03-04 08:16:01.062 - Main : numBits BEFORE : 0
2023-03-04 08:16:01.064 - Main : numBits AFTER  : 1
2023-03-04 08:16:01.065 - Main : x value BEFORE :    1010101
2023-03-04 08:16:01.066 - Main : x value AFTER  :     101010
2023-03-04 08:16:01.068 - Main : numBits BEFORE : 1
2023-03-04 08:16:01.069 - Main : numBits AFTER  : 1
2023-03-04 08:16:01.071 - Main : x value BEFORE :     101010
2023-03-04 08:16:01.072 - Main : x value AFTER  :      10101
2023-03-04 08:16:01.074 - Main : numBits BEFORE : 1
2023-03-04 08:16:01.075 - Main : numBits AFTER  : 2
2023-03-04 08:16:01.077 - Main : x value BEFORE :      10101
2023-03-04 08:16:01.078 - Main : x value AFTER  :       1010
2023-03-04 08:16:01.080 - Main : numBits BEFORE : 2
2023-03-04 08:16:01.081 - Main : numBits AFTER  : 2
2023-03-04 08:16:01.083 - Main : x value BEFORE :       1010
2023-03-04 08:16:01.084 - Main : x value AFTER  :        101
2023-03-04 08:16:01.086 - Main : numBits BEFORE : 2
2023-03-04 08:16:01.087 - Main : numBits AFTER  : 3
2023-03-04 08:16:01.089 - Main : x value BEFORE :        101
2023-03-04 08:16:01.090 - Main : x value AFTER  :         10
2023-03-04 08:16:01.091 - Main : numBits BEFORE : 3
2023-03-04 08:16:01.094 - Main : numBits AFTER  : 3
2023-03-04 08:16:01.096 - Main : x value BEFORE :         10
2023-03-04 08:16:01.098 - Main : x value AFTER  :          1
2023-03-04 08:16:01.100 - Main : numBits BEFORE : 3
2023-03-04 08:16:01.101 - Main : numBits AFTER  : 4
2023-03-04 08:16:01.102 - Main : x value BEFORE :          1
2023-03-04 08:16:01.104 - Main : x value AFTER  :          0
2023-03-04 08:16:01.106 - Main : End of while : numBits IS : 4
2023-03-04 08:16:01.107 - Main : Method Result : 4 .vs. 4
